This file contains any messages produced by compilers while
running configure, to aid debugging if configure makes a mistake.

It was created by dnscap configure 1.9.0, which was
generated by GNU Autoconf 2.69.  Invocation command line was

  $ ./configure 

## --------- ##
## Platform. ##
## --------- ##

hostname = solaris
uname -m = i86pc
uname -r = 5.11
uname -s = SunOS
uname -v = 11.3

/usr/bin/uname -p = i386
/bin/uname -X     = System = SunOS
Node = solaris
Release = 5.11
KernelID = 11.3
Machine = i86pc
BusType = <unknown>
Serial = <unknown>
Users = <unknown>
OEM# = 0
Origin# = 1
NumCPU = 4

/bin/arch              = i86pc
/usr/bin/arch -k       = i86pc
/usr/convex/getsysinfo = unknown
/usr/bin/hostinfo      = unknown
/bin/machine           = unknown
/usr/bin/oslevel       = unknown
/bin/universe          = unknown

PATH: /usr/sfw/bin
PATH: /bin
PATH: /usr/bin
PATH: /usr/ccs/bin
PATH: /usr/sbin


## ----------- ##
## Core tests. ##
## ----------- ##

configure:2338: checking for a BSD-compatible install
configure:2406: result: /bin/ginstall -c
configure:2417: checking whether build environment is sane
configure:2472: result: yes
configure:2623: checking for a thread-safe mkdir -p
configure:2662: result: /bin/gmkdir -p
configure:2669: checking for gawk
configure:2685: found /bin/gawk
configure:2696: result: gawk
configure:2707: checking whether make sets $(MAKE)
configure:2729: result: yes
configure:2758: checking whether make supports nested variables
configure:2775: result: yes
configure:2955: checking for gcc
configure:2971: found /usr/sfw/bin/gcc
configure:2982: result: gcc
configure:3211: checking for C compiler version
configure:3220: gcc --version >&5
gcc (GCC) 3.4.3 (csl-sol210-3_4-20050802)
Copyright (C) 2004 Free Software Foundation, Inc.
This is free software; see the source for copying conditions.  There is NO
warranty; not even for MERCHANTABILITY or FITNESS FOR A PARTICULAR PURPOSE.

configure:3231: $? = 0
configure:3220: gcc -v >&5
Reading specs from /usr/sfw/lib/gcc/i386-pc-solaris2.11/3.4.3/specs
Configured with: /builds/hudson/workspace/nightly-update/build/i386/components/gcc3/gcc-3.4.3/configure --prefix=/usr/sfw --mandir=/usr/sfw/share/man --infodir=/usr/sfw/share/info --without-gnu-ld --with-ld=/usr/bin/ld --enable-languages=c,c++,f77,objc --enable-shared --with-gnu-as --with-as=/usr/gnu/bin/as
Thread model: posix
gcc version 3.4.3 (csl-sol210-3_4-20050802)
configure:3231: $? = 0
configure:3220: gcc -V >&5
gcc: `-V' option must have argument
configure:3231: $? = 1
configure:3220: gcc -qversion >&5
gcc: unrecognized option `-qversion'
gcc: no input files
configure:3231: $? = 1
configure:3251: checking whether the C compiler works
configure:3273: gcc -m64   conftest.c  >&5
configure:3277: $? = 0
configure:3325: result: yes
configure:3328: checking for C compiler default output file name
configure:3330: result: a.out
configure:3336: checking for suffix of executables
configure:3343: gcc -o conftest -m64   conftest.c  >&5
configure:3347: $? = 0
configure:3369: result: 
configure:3391: checking whether we are cross compiling
configure:3399: gcc -o conftest -m64   conftest.c  >&5
configure:3403: $? = 0
configure:3410: ./conftest
configure:3414: $? = 0
configure:3429: result: no
configure:3434: checking for suffix of object files
configure:3456: gcc -c -m64  conftest.c >&5
configure:3460: $? = 0
configure:3481: result: o
configure:3485: checking whether we are using the GNU C compiler
configure:3504: gcc -c -m64  conftest.c >&5
configure:3504: $? = 0
configure:3513: result: yes
configure:3522: checking whether gcc accepts -g
configure:3542: gcc -c -g  conftest.c >&5
configure:3542: $? = 0
configure:3583: result: yes
configure:3600: checking for gcc option to accept ISO C89
configure:3663: gcc  -c -m64  conftest.c >&5
configure:3663: $? = 0
configure:3676: result: none needed
configure:3701: checking whether gcc understands -c and -o together
configure:3723: gcc -c conftest.c -o conftest2.o
configure:3726: $? = 0
configure:3723: gcc -c conftest.c -o conftest2.o
configure:3726: $? = 0
configure:3738: result: yes
configure:3766: checking for style of include used by make
configure:3794: result: GNU
configure:3820: checking dependency style of gcc
configure:3931: result: gcc3
configure:3951: checking build system type
configure:3965: result: i386-pc-solaris2.11
configure:3985: checking host system type
configure:3998: result: i386-pc-solaris2.11
configure:4068: checking for ar
configure:4084: found /bin/ar
configure:4095: result: ar
configure:4121: checking the archiver (ar) interface
configure:4137: gcc -c -m64  conftest.c >&5
configure:4137: $? = 0
configure:4139: ar cru libconftest.a conftest.o >&5
configure:4142: $? = 0
configure:4170: result: ar
configure:4236: checking how to print strings
configure:4265: result: print -r
configure:4284: checking for a sed that does not truncate output
configure:4348: result: /bin/gsed
configure:4366: checking for grep that handles long lines and -e
configure:4424: result: /usr/sfw/bin/ggrep
configure:4429: checking for egrep
configure:4491: result: /usr/sfw/bin/ggrep -E
configure:4496: checking for fgrep
configure:4558: result: /usr/sfw/bin/ggrep -F
configure:4593: checking for ld used by gcc
configure:4660: result: /usr/bin/ld
configure:4667: checking if the linker (/usr/bin/ld) is GNU ld
configure:4682: result: no
configure:4694: checking for BSD- or MS-compatible name lister (nm)
configure:4748: result: /bin/nm -p
configure:4878: checking the name lister (/bin/nm -p) interface
configure:4885: gcc -c -m64  conftest.c >&5
configure:4888: /bin/nm -p "conftest.o"
configure:4891: output


conftest.o:
00000000000000000000 s 
00000000000000000000 s 
00000000000000000000 s 
00000000000000000000 b 
00000000000000000000 f conftest.c
00000000000000000000 B some_variable
configure:4898: result: BSD nm
configure:4901: checking whether ln -s works
configure:4905: result: yes
configure:4913: checking the maximum length of command line arguments
configure:5044: result: 786240
configure:5092: checking how to convert i386-pc-solaris2.11 file names to i386-pc-solaris2.11 format
configure:5132: result: func_convert_file_noop
configure:5139: checking how to convert i386-pc-solaris2.11 file names to toolchain format
configure:5159: result: func_convert_file_noop
configure:5166: checking for /usr/bin/ld option to reload object files
configure:5173: result: -r
configure:5247: checking for objdump
configure:5277: result: no
configure:5306: checking how to recognize dependent libraries
configure:5506: result: pass_all
configure:5591: checking for dlltool
configure:5621: result: no
configure:5651: checking how to associate runtime and link libraries
configure:5678: result: print -r --
configure:5802: checking for archiver @FILE support
configure:5819: gcc -c -m64  conftest.c >&5
configure:5819: $? = 0
configure:5822: ar cru libconftest.a @conftest.lst >&5
ar: cannot open @conftest.lst: No such file or directory
ar: @conftest.lst not found
configure:5825: $? = 1
configure:5845: result: no
configure:5903: checking for strip
configure:5919: found /bin/strip
configure:5930: result: strip
configure:6002: checking for ranlib
configure:6018: found /bin/ranlib
configure:6029: result: ranlib
configure:6131: checking command to parse /bin/nm -p output from gcc object
configure:6284: gcc -c -m64  conftest.c >&5
configure:6287: $? = 0
configure:6291: /bin/nm -p conftest.o \| sed -n -e 's/^.*[ ]\([BDRT][BDRT]*\)[ ][ ]*\([_A-Za-z][_A-Za-z0-9]*\)$/\1 \2 \2/p' | sed '/ __gnu_lto/d' \> conftest.nm
configure:6294: $? = 0
cannot find nm_test_var in conftest.nm
configure:6284: gcc -c -m64  conftest.c >&5
configure:6287: $? = 0
configure:6291: /bin/nm -p conftest.o \| sed -n -e 's/^.*[ ]\([BDRT][BDRT]*\)[ ][ ]*_\([_A-Za-z][_A-Za-z0-9]*\)$/\1 _\2 \2/p' | sed '/ __gnu_lto/d' \> conftest.nm
configure:6294: $? = 0
cannot run sed -n -e 's/^.*[	 ]\([BDRT][BDRT]*\)[	 ][	 ]*_\([_A-Za-z][_A-Za-z0-9]*\)$/\1 _\2 \2/p' | sed '/ __gnu_lto/d'
configure:6398: result: failed
configure:6448: checking for sysroot
configure:6478: result: no
configure:6485: checking for a working dd
configure:6523: result: /bin/dd
configure:6527: checking how to truncate binary pipes
configure:6542: result: /bin/dd bs=4096 count=1
configure:6791: gcc -c -m64  conftest.c >&5
configure:6794: $? = 0
configure:6871: checking for mt
configure:6887: found /bin/mt
configure:6898: result: mt
configure:6921: checking if mt is a manifest tool
configure:6927: mt '-?'
mt: unknown command: -?
configure:6935: result: no
configure:7612: checking how to run the C preprocessor
configure:7643: gcc -E  conftest.c
configure:7643: $? = 0
configure:7657: gcc -E  conftest.c
conftest.c:11:28: ac_nonexistent.h: No such file or directory
configure:7657: $? = 1
configure: failed program was:
| /* confdefs.h */
| #define PACKAGE_NAME "dnscap"
| #define PACKAGE_TARNAME "dnscap"
| #define PACKAGE_VERSION "1.9.0"
| #define PACKAGE_STRING "dnscap 1.9.0"
| #define PACKAGE_BUGREPORT "dnscap-users@dns-oarc.net"
| #define PACKAGE_URL "https://github.com/DNS-OARC/dnscap/issues"
| #define PACKAGE "dnscap"
| #define VERSION "1.9.0"
| /* end confdefs.h.  */
| #include <ac_nonexistent.h>
configure:7682: result: gcc -E
configure:7702: gcc -E  conftest.c
configure:7702: $? = 0
configure:7716: gcc -E  conftest.c
conftest.c:11:28: ac_nonexistent.h: No such file or directory
configure:7716: $? = 1
configure: failed program was:
| /* confdefs.h */
| #define PACKAGE_NAME "dnscap"
| #define PACKAGE_TARNAME "dnscap"
| #define PACKAGE_VERSION "1.9.0"
| #define PACKAGE_STRING "dnscap 1.9.0"
| #define PACKAGE_BUGREPORT "dnscap-users@dns-oarc.net"
| #define PACKAGE_URL "https://github.com/DNS-OARC/dnscap/issues"
| #define PACKAGE "dnscap"
| #define VERSION "1.9.0"
| /* end confdefs.h.  */
| #include <ac_nonexistent.h>
configure:7745: checking for ANSI C header files
configure:7765: gcc -c -m64  conftest.c >&5
configure:7765: $? = 0
configure:7838: gcc -o conftest -m64   conftest.c  >&5
configure:7838: $? = 0
configure:7838: ./conftest
configure:7838: $? = 0
configure:7849: result: yes
configure:7862: checking for sys/types.h
configure:7862: gcc -c -m64  conftest.c >&5
configure:7862: $? = 0
configure:7862: result: yes
configure:7862: checking for sys/stat.h
configure:7862: gcc -c -m64  conftest.c >&5
configure:7862: $? = 0
configure:7862: result: yes
configure:7862: checking for stdlib.h
configure:7862: gcc -c -m64  conftest.c >&5
configure:7862: $? = 0
configure:7862: result: yes
configure:7862: checking for string.h
configure:7862: gcc -c -m64  conftest.c >&5
configure:7862: $? = 0
configure:7862: result: yes
configure:7862: checking for memory.h
configure:7862: gcc -c -m64  conftest.c >&5
configure:7862: $? = 0
configure:7862: result: yes
configure:7862: checking for strings.h
configure:7862: gcc -c -m64  conftest.c >&5
configure:7862: $? = 0
configure:7862: result: yes
configure:7862: checking for inttypes.h
configure:7862: gcc -c -m64  conftest.c >&5
configure:7862: $? = 0
configure:7862: result: yes
configure:7862: checking for stdint.h
configure:7862: gcc -c -m64  conftest.c >&5
configure:7862: $? = 0
configure:7862: result: yes
configure:7862: checking for unistd.h
configure:7862: gcc -c -m64  conftest.c >&5
configure:7862: $? = 0
configure:7862: result: yes
configure:7876: checking for dlfcn.h
configure:7876: gcc -c -m64  conftest.c >&5
configure:7876: $? = 0
configure:7876: result: yes
configure:8131: checking for objdir
configure:8146: result: .libs
configure:8410: checking if gcc supports -fno-rtti -fno-exceptions
configure:8428: gcc -c -m64  -fno-rtti -fno-exceptions conftest.c >&5
cc1: warning: command line option "-fno-rtti" is valid for C++/ObjC++ but not for C
configure:8432: $? = 0
configure:8445: result: no
configure:8803: checking for gcc option to produce PIC
configure:8810: result: -fPIC -DPIC
configure:8818: checking if gcc PIC flag -fPIC -DPIC works
configure:8836: gcc -c -m64  -fPIC -DPIC -DPIC conftest.c >&5
configure:8840: $? = 0
configure:8853: result: yes
configure:8882: checking if gcc static flag -static works
configure:8910: result: no
configure:8925: checking if gcc supports -c -o file.o
configure:8946: gcc -c -m64  -o out/conftest2.o conftest.c >&5
configure:8950: $? = 0
configure:8972: result: yes
configure:8980: checking if gcc supports -c -o file.o
configure:9027: result: yes
configure:9060: checking whether the gcc linker (/usr/bin/ld -64) supports shared libraries
configure:10323: result: yes
configure:10360: checking whether -lc should be explicitly linked in
configure:10368: gcc -c -m64  conftest.c >&5
configure:10371: $? = 0
configure:10386: gcc -shared  -fPIC -DPIC -Wl,-z -Wl,text -Wl,-h -Wl,conftest -o conftest conftest.o  -v 2\>\&1 \| /usr/sfw/bin/ggrep  -lc  \>/dev/null 2\>\&1
configure:10389: $? = 1
configure:10403: result: yes
configure:10563: checking dynamic linker characteristics
configure:11393: result: solaris2.11 ld.so
configure:11515: checking how to hardcode library paths into programs
configure:11540: result: immediate
configure:12088: checking whether stripping libraries is possible
configure:12110: result: no
configure:12128: checking if libtool supports shared libraries
configure:12130: result: yes
configure:12133: checking whether to build shared libraries
configure:12158: result: yes
configure:12161: checking whether to build static libraries
configure:12165: result: no
configure:13003: checking whether time.h and sys/time.h may both be included
configure:13023: gcc -c -m64  conftest.c >&5
configure:13023: $? = 0
configure:13030: result: yes
configure:13038: checking for pcap_open_live in -lpcap
configure:13063: gcc -o conftest -m64   conftest.c -lpcap   >&5
configure:13063: $? = 0
configure:13072: result: yes
configure:13085: checking pcap/pcap.h usability
configure:13085: gcc -c -m64  conftest.c >&5
configure:13085: $? = 0
configure:13085: result: yes
configure:13085: checking pcap/pcap.h presence
configure:13085: gcc -E  conftest.c
configure:13085: $? = 0
configure:13085: result: yes
configure:13085: checking for pcap/pcap.h
configure:13085: result: yes
configure:13096: checking endian.h usability
configure:13096: gcc -c -m64  conftest.c >&5
conftest.c:58:20: endian.h: No such file or directory
configure:13096: $? = 1
configure: failed program was:
| /* confdefs.h */
| #define PACKAGE_NAME "dnscap"
| #define PACKAGE_TARNAME "dnscap"
| #define PACKAGE_VERSION "1.9.0"
| #define PACKAGE_STRING "dnscap 1.9.0"
| #define PACKAGE_BUGREPORT "dnscap-users@dns-oarc.net"
| #define PACKAGE_URL "https://github.com/DNS-OARC/dnscap/issues"
| #define PACKAGE "dnscap"
| #define VERSION "1.9.0"
| #define STDC_HEADERS 1
| #define HAVE_SYS_TYPES_H 1
| #define HAVE_SYS_STAT_H 1
| #define HAVE_STDLIB_H 1
| #define HAVE_STRING_H 1
| #define HAVE_MEMORY_H 1
| #define HAVE_STRINGS_H 1
| #define HAVE_INTTYPES_H 1
| #define HAVE_STDINT_H 1
| #define HAVE_UNISTD_H 1
| #define HAVE_DLFCN_H 1
| #define LT_OBJDIR ".libs/"
| #define TIME_WITH_SYS_TIME 1
| #define HAVE_LIBPCAP 1
| /* end confdefs.h.  */
| #include <stdio.h>
| #ifdef HAVE_SYS_TYPES_H
| # include <sys/types.h>
| #endif
| #ifdef HAVE_SYS_STAT_H
| # include <sys/stat.h>
| #endif
| #ifdef STDC_HEADERS
| # include <stdlib.h>
| # include <stddef.h>
| #else
| # ifdef HAVE_STDLIB_H
| #  include <stdlib.h>
| # endif
| #endif
| #ifdef HAVE_STRING_H
| # if !defined STDC_HEADERS && defined HAVE_MEMORY_H
| #  include <memory.h>
| # endif
| # include <string.h>
| #endif
| #ifdef HAVE_STRINGS_H
| # include <strings.h>
| #endif
| #ifdef HAVE_INTTYPES_H
| # include <inttypes.h>
| #endif
| #ifdef HAVE_STDINT_H
| # include <stdint.h>
| #endif
| #ifdef HAVE_UNISTD_H
| # include <unistd.h>
| #endif
| #include <endian.h>
configure:13096: result: no
configure:13096: checking endian.h presence
configure:13096: gcc -E  conftest.c
conftest.c:25:20: endian.h: No such file or directory
configure:13096: $? = 1
configure: failed program was:
| /* confdefs.h */
| #define PACKAGE_NAME "dnscap"
| #define PACKAGE_TARNAME "dnscap"
| #define PACKAGE_VERSION "1.9.0"
| #define PACKAGE_STRING "dnscap 1.9.0"
| #define PACKAGE_BUGREPORT "dnscap-users@dns-oarc.net"
| #define PACKAGE_URL "https://github.com/DNS-OARC/dnscap/issues"
| #define PACKAGE "dnscap"
| #define VERSION "1.9.0"
| #define STDC_HEADERS 1
| #define HAVE_SYS_TYPES_H 1
| #define HAVE_SYS_STAT_H 1
| #define HAVE_STDLIB_H 1
| #define HAVE_STRING_H 1
| #define HAVE_MEMORY_H 1
| #define HAVE_STRINGS_H 1
| #define HAVE_INTTYPES_H 1
| #define HAVE_STDINT_H 1
| #define HAVE_UNISTD_H 1
| #define HAVE_DLFCN_H 1
| #define LT_OBJDIR ".libs/"
| #define TIME_WITH_SYS_TIME 1
| #define HAVE_LIBPCAP 1
| /* end confdefs.h.  */
| #include <endian.h>
configure:13096: result: no
configure:13096: checking for endian.h
configure:13096: result: no
configure:13096: checking sys/endian.h usability
configure:13096: gcc -c -m64  conftest.c >&5
conftest.c:58:24: sys/endian.h: No such file or directory
configure:13096: $? = 1
configure: failed program was:
| /* confdefs.h */
| #define PACKAGE_NAME "dnscap"
| #define PACKAGE_TARNAME "dnscap"
| #define PACKAGE_VERSION "1.9.0"
| #define PACKAGE_STRING "dnscap 1.9.0"
| #define PACKAGE_BUGREPORT "dnscap-users@dns-oarc.net"
| #define PACKAGE_URL "https://github.com/DNS-OARC/dnscap/issues"
| #define PACKAGE "dnscap"
| #define VERSION "1.9.0"
| #define STDC_HEADERS 1
| #define HAVE_SYS_TYPES_H 1
| #define HAVE_SYS_STAT_H 1
| #define HAVE_STDLIB_H 1
| #define HAVE_STRING_H 1
| #define HAVE_MEMORY_H 1
| #define HAVE_STRINGS_H 1
| #define HAVE_INTTYPES_H 1
| #define HAVE_STDINT_H 1
| #define HAVE_UNISTD_H 1
| #define HAVE_DLFCN_H 1
| #define LT_OBJDIR ".libs/"
| #define TIME_WITH_SYS_TIME 1
| #define HAVE_LIBPCAP 1
| /* end confdefs.h.  */
| #include <stdio.h>
| #ifdef HAVE_SYS_TYPES_H
| # include <sys/types.h>
| #endif
| #ifdef HAVE_SYS_STAT_H
| # include <sys/stat.h>
| #endif
| #ifdef STDC_HEADERS
| # include <stdlib.h>
| # include <stddef.h>
| #else
| # ifdef HAVE_STDLIB_H
| #  include <stdlib.h>
| # endif
| #endif
| #ifdef HAVE_STRING_H
| # if !defined STDC_HEADERS && defined HAVE_MEMORY_H
| #  include <memory.h>
| # endif
| # include <string.h>
| #endif
| #ifdef HAVE_STRINGS_H
| # include <strings.h>
| #endif
| #ifdef HAVE_INTTYPES_H
| # include <inttypes.h>
| #endif
| #ifdef HAVE_STDINT_H
| # include <stdint.h>
| #endif
| #ifdef HAVE_UNISTD_H
| # include <unistd.h>
| #endif
| #include <sys/endian.h>
configure:13096: result: no
configure:13096: checking sys/endian.h presence
configure:13096: gcc -E  conftest.c
conftest.c:25:24: sys/endian.h: No such file or directory
configure:13096: $? = 1
configure: failed program was:
| /* confdefs.h */
| #define PACKAGE_NAME "dnscap"
| #define PACKAGE_TARNAME "dnscap"
| #define PACKAGE_VERSION "1.9.0"
| #define PACKAGE_STRING "dnscap 1.9.0"
| #define PACKAGE_BUGREPORT "dnscap-users@dns-oarc.net"
| #define PACKAGE_URL "https://github.com/DNS-OARC/dnscap/issues"
| #define PACKAGE "dnscap"
| #define VERSION "1.9.0"
| #define STDC_HEADERS 1
| #define HAVE_SYS_TYPES_H 1
| #define HAVE_SYS_STAT_H 1
| #define HAVE_STDLIB_H 1
| #define HAVE_STRING_H 1
| #define HAVE_MEMORY_H 1
| #define HAVE_STRINGS_H 1
| #define HAVE_INTTYPES_H 1
| #define HAVE_STDINT_H 1
| #define HAVE_UNISTD_H 1
| #define HAVE_DLFCN_H 1
| #define LT_OBJDIR ".libs/"
| #define TIME_WITH_SYS_TIME 1
| #define HAVE_LIBPCAP 1
| /* end confdefs.h.  */
| #include <sys/endian.h>
configure:13096: result: no
configure:13096: checking for sys/endian.h
configure:13096: result: no
configure:13096: checking machine/endian.h usability
configure:13096: gcc -c -m64  conftest.c >&5
conftest.c:58:28: machine/endian.h: No such file or directory
configure:13096: $? = 1
configure: failed program was:
| /* confdefs.h */
| #define PACKAGE_NAME "dnscap"
| #define PACKAGE_TARNAME "dnscap"
| #define PACKAGE_VERSION "1.9.0"
| #define PACKAGE_STRING "dnscap 1.9.0"
| #define PACKAGE_BUGREPORT "dnscap-users@dns-oarc.net"
| #define PACKAGE_URL "https://github.com/DNS-OARC/dnscap/issues"
| #define PACKAGE "dnscap"
| #define VERSION "1.9.0"
| #define STDC_HEADERS 1
| #define HAVE_SYS_TYPES_H 1
| #define HAVE_SYS_STAT_H 1
| #define HAVE_STDLIB_H 1
| #define HAVE_STRING_H 1
| #define HAVE_MEMORY_H 1
| #define HAVE_STRINGS_H 1
| #define HAVE_INTTYPES_H 1
| #define HAVE_STDINT_H 1
| #define HAVE_UNISTD_H 1
| #define HAVE_DLFCN_H 1
| #define LT_OBJDIR ".libs/"
| #define TIME_WITH_SYS_TIME 1
| #define HAVE_LIBPCAP 1
| /* end confdefs.h.  */
| #include <stdio.h>
| #ifdef HAVE_SYS_TYPES_H
| # include <sys/types.h>
| #endif
| #ifdef HAVE_SYS_STAT_H
| # include <sys/stat.h>
| #endif
| #ifdef STDC_HEADERS
| # include <stdlib.h>
| # include <stddef.h>
| #else
| # ifdef HAVE_STDLIB_H
| #  include <stdlib.h>
| # endif
| #endif
| #ifdef HAVE_STRING_H
| # if !defined STDC_HEADERS && defined HAVE_MEMORY_H
| #  include <memory.h>
| # endif
| # include <string.h>
| #endif
| #ifdef HAVE_STRINGS_H
| # include <strings.h>
| #endif
| #ifdef HAVE_INTTYPES_H
| # include <inttypes.h>
| #endif
| #ifdef HAVE_STDINT_H
| # include <stdint.h>
| #endif
| #ifdef HAVE_UNISTD_H
| # include <unistd.h>
| #endif
| #include <machine/endian.h>
configure:13096: result: no
configure:13096: checking machine/endian.h presence
configure:13096: gcc -E  conftest.c
conftest.c:25:28: machine/endian.h: No such file or directory
configure:13096: $? = 1
configure: failed program was:
| /* confdefs.h */
| #define PACKAGE_NAME "dnscap"
| #define PACKAGE_TARNAME "dnscap"
| #define PACKAGE_VERSION "1.9.0"
| #define PACKAGE_STRING "dnscap 1.9.0"
| #define PACKAGE_BUGREPORT "dnscap-users@dns-oarc.net"
| #define PACKAGE_URL "https://github.com/DNS-OARC/dnscap/issues"
| #define PACKAGE "dnscap"
| #define VERSION "1.9.0"
| #define STDC_HEADERS 1
| #define HAVE_SYS_TYPES_H 1
| #define HAVE_SYS_STAT_H 1
| #define HAVE_STDLIB_H 1
| #define HAVE_STRING_H 1
| #define HAVE_MEMORY_H 1
| #define HAVE_STRINGS_H 1
| #define HAVE_INTTYPES_H 1
| #define HAVE_STDINT_H 1
| #define HAVE_UNISTD_H 1
| #define HAVE_DLFCN_H 1
| #define LT_OBJDIR ".libs/"
| #define TIME_WITH_SYS_TIME 1
| #define HAVE_LIBPCAP 1
| /* end confdefs.h.  */
| #include <machine/endian.h>
configure:13096: result: no
configure:13096: checking for machine/endian.h
configure:13096: result: no
configure:13096: checking sys/time.h usability
configure:13096: gcc -c -m64  conftest.c >&5
configure:13096: $? = 0
configure:13096: result: yes
configure:13096: checking sys/time.h presence
configure:13096: gcc -E  conftest.c
configure:13096: $? = 0
configure:13096: result: yes
configure:13096: checking for sys/time.h
configure:13096: result: yes
configure:13109: checking for pcap_create
configure:13109: gcc -o conftest -m64   conftest.c -lpcap  >&5
configure:13109: $? = 0
configure:13109: result: yes
configure:13109: checking for pcap_set_tstamp_precision
configure:13109: gcc -o conftest -m64   conftest.c -lpcap  >&5
configure:13109: $? = 0
configure:13109: result: yes
configure:13109: checking for pcap_set_immediate_mode
configure:13109: gcc -o conftest -m64   conftest.c -lpcap  >&5
configure:13109: $? = 0
configure:13109: result: yes
configure:13121: checking for pcap_set_tstamp_type
configure:13121: gcc -o conftest -m64   conftest.c -lpcap  >&5
configure:13121: $? = 0
configure:13121: result: yes
configure:13121: checking for pcap_setdirection
configure:13121: gcc -o conftest -m64   conftest.c -lpcap  >&5
configure:13121: $? = 0
configure:13121: result: yes
configure:13121: checking for sched_yield
configure:13121: gcc -o conftest -m64   conftest.c -lpcap  >&5
configure:13121: $? = 0
configure:13121: result: yes
configure:13133: checking for pcap_open_offline_with_tstamp_precision
configure:13133: gcc -o conftest -m64   conftest.c -lpcap  >&5
configure:13133: $? = 0
configure:13133: result: yes
configure:13133: checking for pcap_activate
configure:13133: gcc -o conftest -m64   conftest.c -lpcap  >&5
configure:13133: $? = 0
configure:13133: result: yes
configure:13142: checking for pcap_direction_t
configure:13142: gcc -c -m64  conftest.c >&5
configure:13142: $? = 0
configure:13142: gcc -c -m64  conftest.c >&5
conftest.c: In function `main':
conftest.c:39: error: syntax error before ')' token
configure:13142: $? = 1
configure: failed program was:
| /* confdefs.h */
| #define PACKAGE_NAME "dnscap"
| #define PACKAGE_TARNAME "dnscap"
| #define PACKAGE_VERSION "1.9.0"
| #define PACKAGE_STRING "dnscap 1.9.0"
| #define PACKAGE_BUGREPORT "dnscap-users@dns-oarc.net"
| #define PACKAGE_URL "https://github.com/DNS-OARC/dnscap/issues"
| #define PACKAGE "dnscap"
| #define VERSION "1.9.0"
| #define STDC_HEADERS 1
| #define HAVE_SYS_TYPES_H 1
| #define HAVE_SYS_STAT_H 1
| #define HAVE_STDLIB_H 1
| #define HAVE_STRING_H 1
| #define HAVE_MEMORY_H 1
| #define HAVE_STRINGS_H 1
| #define HAVE_INTTYPES_H 1
| #define HAVE_STDINT_H 1
| #define HAVE_UNISTD_H 1
| #define HAVE_DLFCN_H 1
| #define LT_OBJDIR ".libs/"
| #define TIME_WITH_SYS_TIME 1
| #define HAVE_LIBPCAP 1
| #define HAVE_SYS_TIME_H 1
| #define HAVE_PCAP_CREATE 1
| #define HAVE_PCAP_SET_TSTAMP_PRECISION 1
| #define HAVE_PCAP_SET_IMMEDIATE_MODE 1
| #define HAVE_PCAP_SET_TSTAMP_TYPE 1
| #define HAVE_PCAP_SETDIRECTION 1
| #define HAVE_SCHED_YIELD 1
| #define HAVE_PCAP_OPEN_OFFLINE_WITH_TSTAMP_PRECISION 1
| #define HAVE_PCAP_ACTIVATE 1
| /* end confdefs.h.  */
| #include <pcap/pcap.h>
| 
| int
| main ()
| {
| if (sizeof ((pcap_direction_t)))
| 	    return 0;
|   ;
|   return 0;
| }
configure:13142: result: yes
configure:13158: checking for ns_initparse in -lbind
configure:13183: gcc -o conftest -m64   conftest.c -lbind  -lpcap  >&5
ld: fatal: library -lbind: not found
collect2: ld returned 1 exit status
configure:13183: $? = 1
configure: failed program was:
| /* confdefs.h */
| #define PACKAGE_NAME "dnscap"
| #define PACKAGE_TARNAME "dnscap"
| #define PACKAGE_VERSION "1.9.0"
| #define PACKAGE_STRING "dnscap 1.9.0"
| #define PACKAGE_BUGREPORT "dnscap-users@dns-oarc.net"
| #define PACKAGE_URL "https://github.com/DNS-OARC/dnscap/issues"
| #define PACKAGE "dnscap"
| #define VERSION "1.9.0"
| #define STDC_HEADERS 1
| #define HAVE_SYS_TYPES_H 1
| #define HAVE_SYS_STAT_H 1
| #define HAVE_STDLIB_H 1
| #define HAVE_STRING_H 1
| #define HAVE_MEMORY_H 1
| #define HAVE_STRINGS_H 1
| #define HAVE_INTTYPES_H 1
| #define HAVE_STDINT_H 1
| #define HAVE_UNISTD_H 1
| #define HAVE_DLFCN_H 1
| #define LT_OBJDIR ".libs/"
| #define TIME_WITH_SYS_TIME 1
| #define HAVE_LIBPCAP 1
| #define HAVE_SYS_TIME_H 1
| #define HAVE_PCAP_CREATE 1
| #define HAVE_PCAP_SET_TSTAMP_PRECISION 1
| #define HAVE_PCAP_SET_IMMEDIATE_MODE 1
| #define HAVE_PCAP_SET_TSTAMP_TYPE 1
| #define HAVE_PCAP_SETDIRECTION 1
| #define HAVE_SCHED_YIELD 1
| #define HAVE_PCAP_OPEN_OFFLINE_WITH_TSTAMP_PRECISION 1
| #define HAVE_PCAP_ACTIVATE 1
| #define HAVE_PCAP_DIRECTION_T 1
| /* end confdefs.h.  */
| 
| /* Override any GCC internal prototype to avoid an error.
|    Use char because int might match the return type of a GCC
|    builtin and then its argument prototype would still apply.  */
| #ifdef __cplusplus
| extern "C"
| #endif
| char ns_initparse ();
| int
| main ()
| {
| return ns_initparse ();
|   ;
|   return 0;
| }
configure:13192: result: no
configure:13202: checking for __ns_initparse in -lbind
configure:13227: gcc -o conftest -m64   conftest.c -lbind  -lpcap  >&5
ld: fatal: library -lbind: not found
collect2: ld returned 1 exit status
configure:13227: $? = 1
configure: failed program was:
| /* confdefs.h */
| #define PACKAGE_NAME "dnscap"
| #define PACKAGE_TARNAME "dnscap"
| #define PACKAGE_VERSION "1.9.0"
| #define PACKAGE_STRING "dnscap 1.9.0"
| #define PACKAGE_BUGREPORT "dnscap-users@dns-oarc.net"
| #define PACKAGE_URL "https://github.com/DNS-OARC/dnscap/issues"
| #define PACKAGE "dnscap"
| #define VERSION "1.9.0"
| #define STDC_HEADERS 1
| #define HAVE_SYS_TYPES_H 1
| #define HAVE_SYS_STAT_H 1
| #define HAVE_STDLIB_H 1
| #define HAVE_STRING_H 1
| #define HAVE_MEMORY_H 1
| #define HAVE_STRINGS_H 1
| #define HAVE_INTTYPES_H 1
| #define HAVE_STDINT_H 1
| #define HAVE_UNISTD_H 1
| #define HAVE_DLFCN_H 1
| #define LT_OBJDIR ".libs/"
| #define TIME_WITH_SYS_TIME 1
| #define HAVE_LIBPCAP 1
| #define HAVE_SYS_TIME_H 1
| #define HAVE_PCAP_CREATE 1
| #define HAVE_PCAP_SET_TSTAMP_PRECISION 1
| #define HAVE_PCAP_SET_IMMEDIATE_MODE 1
| #define HAVE_PCAP_SET_TSTAMP_TYPE 1
| #define HAVE_PCAP_SETDIRECTION 1
| #define HAVE_SCHED_YIELD 1
| #define HAVE_PCAP_OPEN_OFFLINE_WITH_TSTAMP_PRECISION 1
| #define HAVE_PCAP_ACTIVATE 1
| #define HAVE_PCAP_DIRECTION_T 1
| /* end confdefs.h.  */
| 
| /* Override any GCC internal prototype to avoid an error.
|    Use char because int might match the return type of a GCC
|    builtin and then its argument prototype would still apply.  */
| #ifdef __cplusplus
| extern "C"
| #endif
| char __ns_initparse ();
| int
| main ()
| {
| return __ns_initparse ();
|   ;
|   return 0;
| }
configure:13236: result: no
configure:13249: checking for res_mkquery in -lresolv
configure:13274: gcc -o conftest -m64   conftest.c -lresolv  -lpcap  >&5
configure:13274: $? = 0
configure:13283: result: yes
configure:13390: checking for dlopen in -ldl
configure:13415: gcc -o conftest -m64   conftest.c -ldl  -lresolv -lpcap  >&5
configure:13415: $? = 0
configure:13424: result: yes
configure:13435: checking for cbor_parser_init in -ltinycbor
configure:13460: gcc -o conftest -m64   conftest.c -ltinycbor  -ldl -lresolv -lpcap  >&5
ld: fatal: library -ltinycbor: not found
collect2: ld returned 1 exit status
configure:13460: $? = 1
configure: failed program was:
| /* confdefs.h */
| #define PACKAGE_NAME "dnscap"
| #define PACKAGE_TARNAME "dnscap"
| #define PACKAGE_VERSION "1.9.0"
| #define PACKAGE_STRING "dnscap 1.9.0"
| #define PACKAGE_BUGREPORT "dnscap-users@dns-oarc.net"
| #define PACKAGE_URL "https://github.com/DNS-OARC/dnscap/issues"
| #define PACKAGE "dnscap"
| #define VERSION "1.9.0"
| #define STDC_HEADERS 1
| #define HAVE_SYS_TYPES_H 1
| #define HAVE_SYS_STAT_H 1
| #define HAVE_STDLIB_H 1
| #define HAVE_STRING_H 1
| #define HAVE_MEMORY_H 1
| #define HAVE_STRINGS_H 1
| #define HAVE_INTTYPES_H 1
| #define HAVE_STDINT_H 1
| #define HAVE_UNISTD_H 1
| #define HAVE_DLFCN_H 1
| #define LT_OBJDIR ".libs/"
| #define TIME_WITH_SYS_TIME 1
| #define HAVE_LIBPCAP 1
| #define HAVE_SYS_TIME_H 1
| #define HAVE_PCAP_CREATE 1
| #define HAVE_PCAP_SET_TSTAMP_PRECISION 1
| #define HAVE_PCAP_SET_IMMEDIATE_MODE 1
| #define HAVE_PCAP_SET_TSTAMP_TYPE 1
| #define HAVE_PCAP_SETDIRECTION 1
| #define HAVE_SCHED_YIELD 1
| #define HAVE_PCAP_OPEN_OFFLINE_WITH_TSTAMP_PRECISION 1
| #define HAVE_PCAP_ACTIVATE 1
| #define HAVE_PCAP_DIRECTION_T 1
| #define HAVE_LIBRESOLV 1
| #define HAVE_LIBDL 1
| /* end confdefs.h.  */
| 
| /* Override any GCC internal prototype to avoid an error.
|    Use char because int might match the return type of a GCC
|    builtin and then its argument prototype would still apply.  */
| #ifdef __cplusplus
| extern "C"
| #endif
| char cbor_parser_init ();
| int
| main ()
| {
| return cbor_parser_init ();
|   ;
|   return 0;
| }
configure:13469: result: no
configure:13488: checking for ldns_wire2pkt in -lldns
configure:13513: gcc -o conftest -m64   conftest.c -lldns  -ldl -lresolv -lpcap  >&5
ld: fatal: library -lldns: not found
collect2: ld returned 1 exit status
configure:13513: $? = 1
configure: failed program was:
| /* confdefs.h */
| #define PACKAGE_NAME "dnscap"
| #define PACKAGE_TARNAME "dnscap"
| #define PACKAGE_VERSION "1.9.0"
| #define PACKAGE_STRING "dnscap 1.9.0"
| #define PACKAGE_BUGREPORT "dnscap-users@dns-oarc.net"
| #define PACKAGE_URL "https://github.com/DNS-OARC/dnscap/issues"
| #define PACKAGE "dnscap"
| #define VERSION "1.9.0"
| #define STDC_HEADERS 1
| #define HAVE_SYS_TYPES_H 1
| #define HAVE_SYS_STAT_H 1
| #define HAVE_STDLIB_H 1
| #define HAVE_STRING_H 1
| #define HAVE_MEMORY_H 1
| #define HAVE_STRINGS_H 1
| #define HAVE_INTTYPES_H 1
| #define HAVE_STDINT_H 1
| #define HAVE_UNISTD_H 1
| #define HAVE_DLFCN_H 1
| #define LT_OBJDIR ".libs/"
| #define TIME_WITH_SYS_TIME 1
| #define HAVE_LIBPCAP 1
| #define HAVE_SYS_TIME_H 1
| #define HAVE_PCAP_CREATE 1
| #define HAVE_PCAP_SET_TSTAMP_PRECISION 1
| #define HAVE_PCAP_SET_IMMEDIATE_MODE 1
| #define HAVE_PCAP_SET_TSTAMP_TYPE 1
| #define HAVE_PCAP_SETDIRECTION 1
| #define HAVE_SCHED_YIELD 1
| #define HAVE_PCAP_OPEN_OFFLINE_WITH_TSTAMP_PRECISION 1
| #define HAVE_PCAP_ACTIVATE 1
| #define HAVE_PCAP_DIRECTION_T 1
| #define HAVE_LIBRESOLV 1
| #define HAVE_LIBDL 1
| /* end confdefs.h.  */
| 
| /* Override any GCC internal prototype to avoid an error.
|    Use char because int might match the return type of a GCC
|    builtin and then its argument prototype would still apply.  */
| #ifdef __cplusplus
| extern "C"
| #endif
| char ldns_wire2pkt ();
| int
| main ()
| {
| return ldns_wire2pkt ();
|   ;
|   return 0;
| }
configure:13522: result: no
configure:13541: checking for gzopen in -lz
configure:13566: gcc -o conftest -m64   conftest.c -lz  -ldl -lresolv -lpcap  >&5
configure:13566: $? = 0
configure:13575: result: yes
configure:13634: checking for main in -lrt
configure:13653: gcc -o conftest -m64   conftest.c -lrt  -lz -ldl -lresolv -lpcap  >&5
configure:13653: $? = 0
configure:13662: result: yes
configure:13673: checking for main in -lmd5
configure:13692: gcc -o conftest -m64   conftest.c -lmd5  -lrt -lz -ldl -lresolv -lpcap  >&5
configure:13692: $? = 0
configure:13701: result: yes
configure:13712: checking for main in -lsocket
configure:13731: gcc -o conftest -m64   conftest.c -lsocket  -lmd5 -lrt -lz -ldl -lresolv -lpcap  >&5
configure:13731: $? = 0
configure:13740: result: yes
configure:13751: checking for main in -lnsl
configure:13770: gcc -o conftest -m64   conftest.c -lnsl  -lsocket -lmd5 -lrt -lz -ldl -lresolv -lpcap  >&5
configure:13770: $? = 0
configure:13779: result: yes
configure:13797: checking for sys/types.h
configure:13797: result: yes
configure:13797: checking for netinet/in.h
configure:13797: gcc -c -m64  conftest.c >&5
configure:13797: $? = 0
configure:13797: result: yes
configure:13797: checking for arpa/nameser.h
configure:13797: gcc -c -m64  conftest.c >&5
configure:13797: $? = 0
configure:13797: result: yes
configure:13797: checking for netdb.h
configure:13797: gcc -c -m64  conftest.c >&5
configure:13797: $? = 0
configure:13797: result: yes
configure:13797: checking for resolv.h
configure:13797: gcc -c -m64  conftest.c >&5
configure:13797: $? = 0
configure:13797: result: yes
configure:13820: checking whether time.h and sys/time.h may both be included
configure:13847: result: yes
configure:13858: checking arpa/inet.h usability
configure:13858: gcc -c -m64  conftest.c >&5
configure:13858: $? = 0
configure:13858: result: yes
configure:13858: checking arpa/inet.h presence
configure:13858: gcc -E  conftest.c
configure:13858: $? = 0
configure:13858: result: yes
configure:13858: checking for arpa/inet.h
configure:13858: result: yes
configure:13858: checking fcntl.h usability
configure:13858: gcc -c -m64  conftest.c >&5
configure:13858: $? = 0
configure:13858: result: yes
configure:13858: checking fcntl.h presence
configure:13858: gcc -E  conftest.c
configure:13858: $? = 0
configure:13858: result: yes
configure:13858: checking for fcntl.h
configure:13858: result: yes
configure:13858: checking for netdb.h
configure:13858: result: yes
configure:13858: checking for netinet/in.h
configure:13858: result: yes
configure:13858: checking for stdlib.h
configure:13858: result: yes
configure:13858: checking for string.h
configure:13858: result: yes
configure:13871: checking sys/ioctl.h usability
configure:13871: gcc -c -m64  conftest.c >&5
configure:13871: $? = 0
configure:13871: result: yes
configure:13871: checking sys/ioctl.h presence
configure:13871: gcc -E  conftest.c
configure:13871: $? = 0
configure:13871: result: yes
configure:13871: checking for sys/ioctl.h
configure:13871: result: yes
configure:13871: checking sys/param.h usability
configure:13871: gcc -c -m64  conftest.c >&5
configure:13871: $? = 0
configure:13871: result: yes
configure:13871: checking sys/param.h presence
configure:13871: gcc -E  conftest.c
configure:13871: $? = 0
configure:13871: result: yes
configure:13871: checking for sys/param.h
configure:13871: result: yes
configure:13871: checking sys/socket.h usability
configure:13871: gcc -c -m64  conftest.c >&5
configure:13871: $? = 0
configure:13871: result: yes
configure:13871: checking sys/socket.h presence
configure:13871: gcc -E  conftest.c
configure:13871: $? = 0
configure:13871: result: yes
configure:13871: checking for sys/socket.h
configure:13871: result: yes
configure:13871: checking for sys/time.h
configure:13871: result: yes
configure:13871: checking for unistd.h
configure:13871: result: yes
configure:13884: checking ldns/ldns.h usability
configure:13884: gcc -c -m64  conftest.c >&5
conftest.c:92:23: ldns/ldns.h: No such file or directory
configure:13884: $? = 1
configure: failed program was:
| /* confdefs.h */
| #define PACKAGE_NAME "dnscap"
| #define PACKAGE_TARNAME "dnscap"
| #define PACKAGE_VERSION "1.9.0"
| #define PACKAGE_STRING "dnscap 1.9.0"
| #define PACKAGE_BUGREPORT "dnscap-users@dns-oarc.net"
| #define PACKAGE_URL "https://github.com/DNS-OARC/dnscap/issues"
| #define PACKAGE "dnscap"
| #define VERSION "1.9.0"
| #define STDC_HEADERS 1
| #define HAVE_SYS_TYPES_H 1
| #define HAVE_SYS_STAT_H 1
| #define HAVE_STDLIB_H 1
| #define HAVE_STRING_H 1
| #define HAVE_MEMORY_H 1
| #define HAVE_STRINGS_H 1
| #define HAVE_INTTYPES_H 1
| #define HAVE_STDINT_H 1
| #define HAVE_UNISTD_H 1
| #define HAVE_DLFCN_H 1
| #define LT_OBJDIR ".libs/"
| #define TIME_WITH_SYS_TIME 1
| #define HAVE_LIBPCAP 1
| #define HAVE_SYS_TIME_H 1
| #define HAVE_PCAP_CREATE 1
| #define HAVE_PCAP_SET_TSTAMP_PRECISION 1
| #define HAVE_PCAP_SET_IMMEDIATE_MODE 1
| #define HAVE_PCAP_SET_TSTAMP_TYPE 1
| #define HAVE_PCAP_SETDIRECTION 1
| #define HAVE_SCHED_YIELD 1
| #define HAVE_PCAP_OPEN_OFFLINE_WITH_TSTAMP_PRECISION 1
| #define HAVE_PCAP_ACTIVATE 1
| #define HAVE_PCAP_DIRECTION_T 1
| #define HAVE_LIBRESOLV 1
| #define HAVE_LIBDL 1
| #define HAVE_LIBZ 1
| #define HAVE_LIBRT 1
| #define HAVE_LIBMD5 1
| #define HAVE_LIBSOCKET 1
| #define HAVE_LIBNSL 1
| #define HAVE_SYS_TYPES_H 1
| #define HAVE_NETINET_IN_H 1
| #define HAVE_ARPA_NAMESER_H 1
| #define HAVE_NETDB_H 1
| #define HAVE_RESOLV_H 1
| #define TIME_WITH_SYS_TIME 1
| #define HAVE_ARPA_INET_H 1
| #define HAVE_FCNTL_H 1
| #define HAVE_NETDB_H 1
| #define HAVE_NETINET_IN_H 1
| #define HAVE_STDLIB_H 1
| #define HAVE_STRING_H 1
| #define HAVE_SYS_IOCTL_H 1
| #define HAVE_SYS_PARAM_H 1
| #define HAVE_SYS_SOCKET_H 1
| #define HAVE_SYS_TIME_H 1
| #define HAVE_UNISTD_H 1
| /* end confdefs.h.  */
| #include <stdio.h>
| #ifdef HAVE_SYS_TYPES_H
| # include <sys/types.h>
| #endif
| #ifdef HAVE_SYS_STAT_H
| # include <sys/stat.h>
| #endif
| #ifdef STDC_HEADERS
| # include <stdlib.h>
| # include <stddef.h>
| #else
| # ifdef HAVE_STDLIB_H
| #  include <stdlib.h>
| # endif
| #endif
| #ifdef HAVE_STRING_H
| # if !defined STDC_HEADERS && defined HAVE_MEMORY_H
| #  include <memory.h>
| # endif
| # include <string.h>
| #endif
| #ifdef HAVE_STRINGS_H
| # include <strings.h>
| #endif
| #ifdef HAVE_INTTYPES_H
| # include <inttypes.h>
| #endif
| #ifdef HAVE_STDINT_H
| # include <stdint.h>
| #endif
| #ifdef HAVE_UNISTD_H
| # include <unistd.h>
| #endif
| #include <ldns/ldns.h>
configure:13884: result: no
configure:13884: checking ldns/ldns.h presence
configure:13884: gcc -E  conftest.c
conftest.c:59:23: ldns/ldns.h: No such file or directory
configure:13884: $? = 1
configure: failed program was:
| /* confdefs.h */
| #define PACKAGE_NAME "dnscap"
| #define PACKAGE_TARNAME "dnscap"
| #define PACKAGE_VERSION "1.9.0"
| #define PACKAGE_STRING "dnscap 1.9.0"
| #define PACKAGE_BUGREPORT "dnscap-users@dns-oarc.net"
| #define PACKAGE_URL "https://github.com/DNS-OARC/dnscap/issues"
| #define PACKAGE "dnscap"
| #define VERSION "1.9.0"
| #define STDC_HEADERS 1
| #define HAVE_SYS_TYPES_H 1
| #define HAVE_SYS_STAT_H 1
| #define HAVE_STDLIB_H 1
| #define HAVE_STRING_H 1
| #define HAVE_MEMORY_H 1
| #define HAVE_STRINGS_H 1
| #define HAVE_INTTYPES_H 1
| #define HAVE_STDINT_H 1
| #define HAVE_UNISTD_H 1
| #define HAVE_DLFCN_H 1
| #define LT_OBJDIR ".libs/"
| #define TIME_WITH_SYS_TIME 1
| #define HAVE_LIBPCAP 1
| #define HAVE_SYS_TIME_H 1
| #define HAVE_PCAP_CREATE 1
| #define HAVE_PCAP_SET_TSTAMP_PRECISION 1
| #define HAVE_PCAP_SET_IMMEDIATE_MODE 1
| #define HAVE_PCAP_SET_TSTAMP_TYPE 1
| #define HAVE_PCAP_SETDIRECTION 1
| #define HAVE_SCHED_YIELD 1
| #define HAVE_PCAP_OPEN_OFFLINE_WITH_TSTAMP_PRECISION 1
| #define HAVE_PCAP_ACTIVATE 1
| #define HAVE_PCAP_DIRECTION_T 1
| #define HAVE_LIBRESOLV 1
| #define HAVE_LIBDL 1
| #define HAVE_LIBZ 1
| #define HAVE_LIBRT 1
| #define HAVE_LIBMD5 1
| #define HAVE_LIBSOCKET 1
| #define HAVE_LIBNSL 1
| #define HAVE_SYS_TYPES_H 1
| #define HAVE_NETINET_IN_H 1
| #define HAVE_ARPA_NAMESER_H 1
| #define HAVE_NETDB_H 1
| #define HAVE_RESOLV_H 1
| #define TIME_WITH_SYS_TIME 1
| #define HAVE_ARPA_INET_H 1
| #define HAVE_FCNTL_H 1
| #define HAVE_NETDB_H 1
| #define HAVE_NETINET_IN_H 1
| #define HAVE_STDLIB_H 1
| #define HAVE_STRING_H 1
| #define HAVE_SYS_IOCTL_H 1
| #define HAVE_SYS_PARAM_H 1
| #define HAVE_SYS_SOCKET_H 1
| #define HAVE_SYS_TIME_H 1
| #define HAVE_UNISTD_H 1
| /* end confdefs.h.  */
| #include <ldns/ldns.h>
configure:13884: result: no
configure:13884: checking for ldns/ldns.h
configure:13884: result: no
configure:13884: checking arpa/nameser_compat.h usability
configure:13884: gcc -c -m64  conftest.c >&5
configure:13884: $? = 0
configure:13884: result: yes
configure:13884: checking arpa/nameser_compat.h presence
configure:13884: gcc -E  conftest.c
configure:13884: $? = 0
configure:13884: result: yes
configure:13884: checking for arpa/nameser_compat.h
configure:13884: result: yes
configure:13884: checking cbor.h usability
configure:13884: gcc -c -m64  conftest.c >&5
conftest.c:93:18: cbor.h: No such file or directory
configure:13884: $? = 1
configure: failed program was:
| /* confdefs.h */
| #define PACKAGE_NAME "dnscap"
| #define PACKAGE_TARNAME "dnscap"
| #define PACKAGE_VERSION "1.9.0"
| #define PACKAGE_STRING "dnscap 1.9.0"
| #define PACKAGE_BUGREPORT "dnscap-users@dns-oarc.net"
| #define PACKAGE_URL "https://github.com/DNS-OARC/dnscap/issues"
| #define PACKAGE "dnscap"
| #define VERSION "1.9.0"
| #define STDC_HEADERS 1
| #define HAVE_SYS_TYPES_H 1
| #define HAVE_SYS_STAT_H 1
| #define HAVE_STDLIB_H 1
| #define HAVE_STRING_H 1
| #define HAVE_MEMORY_H 1
| #define HAVE_STRINGS_H 1
| #define HAVE_INTTYPES_H 1
| #define HAVE_STDINT_H 1
| #define HAVE_UNISTD_H 1
| #define HAVE_DLFCN_H 1
| #define LT_OBJDIR ".libs/"
| #define TIME_WITH_SYS_TIME 1
| #define HAVE_LIBPCAP 1
| #define HAVE_SYS_TIME_H 1
| #define HAVE_PCAP_CREATE 1
| #define HAVE_PCAP_SET_TSTAMP_PRECISION 1
| #define HAVE_PCAP_SET_IMMEDIATE_MODE 1
| #define HAVE_PCAP_SET_TSTAMP_TYPE 1
| #define HAVE_PCAP_SETDIRECTION 1
| #define HAVE_SCHED_YIELD 1
| #define HAVE_PCAP_OPEN_OFFLINE_WITH_TSTAMP_PRECISION 1
| #define HAVE_PCAP_ACTIVATE 1
| #define HAVE_PCAP_DIRECTION_T 1
| #define HAVE_LIBRESOLV 1
| #define HAVE_LIBDL 1
| #define HAVE_LIBZ 1
| #define HAVE_LIBRT 1
| #define HAVE_LIBMD5 1
| #define HAVE_LIBSOCKET 1
| #define HAVE_LIBNSL 1
| #define HAVE_SYS_TYPES_H 1
| #define HAVE_NETINET_IN_H 1
| #define HAVE_ARPA_NAMESER_H 1
| #define HAVE_NETDB_H 1
| #define HAVE_RESOLV_H 1
| #define TIME_WITH_SYS_TIME 1
| #define HAVE_ARPA_INET_H 1
| #define HAVE_FCNTL_H 1
| #define HAVE_NETDB_H 1
| #define HAVE_NETINET_IN_H 1
| #define HAVE_STDLIB_H 1
| #define HAVE_STRING_H 1
| #define HAVE_SYS_IOCTL_H 1
| #define HAVE_SYS_PARAM_H 1
| #define HAVE_SYS_SOCKET_H 1
| #define HAVE_SYS_TIME_H 1
| #define HAVE_UNISTD_H 1
| #define HAVE_ARPA_NAMESER_COMPAT_H 1
| /* end confdefs.h.  */
| #include <stdio.h>
| #ifdef HAVE_SYS_TYPES_H
| # include <sys/types.h>
| #endif
| #ifdef HAVE_SYS_STAT_H
| # include <sys/stat.h>
| #endif
| #ifdef STDC_HEADERS
| # include <stdlib.h>
| # include <stddef.h>
| #else
| # ifdef HAVE_STDLIB_H
| #  include <stdlib.h>
| # endif
| #endif
| #ifdef HAVE_STRING_H
| # if !defined STDC_HEADERS && defined HAVE_MEMORY_H
| #  include <memory.h>
| # endif
| # include <string.h>
| #endif
| #ifdef HAVE_STRINGS_H
| # include <strings.h>
| #endif
| #ifdef HAVE_INTTYPES_H
| # include <inttypes.h>
| #endif
| #ifdef HAVE_STDINT_H
| # include <stdint.h>
| #endif
| #ifdef HAVE_UNISTD_H
| # include <unistd.h>
| #endif
| #include <cbor.h>
configure:13884: result: no
configure:13884: checking cbor.h presence
configure:13884: gcc -E  conftest.c
conftest.c:60:18: cbor.h: No such file or directory
configure:13884: $? = 1
configure: failed program was:
| /* confdefs.h */
| #define PACKAGE_NAME "dnscap"
| #define PACKAGE_TARNAME "dnscap"
| #define PACKAGE_VERSION "1.9.0"
| #define PACKAGE_STRING "dnscap 1.9.0"
| #define PACKAGE_BUGREPORT "dnscap-users@dns-oarc.net"
| #define PACKAGE_URL "https://github.com/DNS-OARC/dnscap/issues"
| #define PACKAGE "dnscap"
| #define VERSION "1.9.0"
| #define STDC_HEADERS 1
| #define HAVE_SYS_TYPES_H 1
| #define HAVE_SYS_STAT_H 1
| #define HAVE_STDLIB_H 1
| #define HAVE_STRING_H 1
| #define HAVE_MEMORY_H 1
| #define HAVE_STRINGS_H 1
| #define HAVE_INTTYPES_H 1
| #define HAVE_STDINT_H 1
| #define HAVE_UNISTD_H 1
| #define HAVE_DLFCN_H 1
| #define LT_OBJDIR ".libs/"
| #define TIME_WITH_SYS_TIME 1
| #define HAVE_LIBPCAP 1
| #define HAVE_SYS_TIME_H 1
| #define HAVE_PCAP_CREATE 1
| #define HAVE_PCAP_SET_TSTAMP_PRECISION 1
| #define HAVE_PCAP_SET_IMMEDIATE_MODE 1
| #define HAVE_PCAP_SET_TSTAMP_TYPE 1
| #define HAVE_PCAP_SETDIRECTION 1
| #define HAVE_SCHED_YIELD 1
| #define HAVE_PCAP_OPEN_OFFLINE_WITH_TSTAMP_PRECISION 1
| #define HAVE_PCAP_ACTIVATE 1
| #define HAVE_PCAP_DIRECTION_T 1
| #define HAVE_LIBRESOLV 1
| #define HAVE_LIBDL 1
| #define HAVE_LIBZ 1
| #define HAVE_LIBRT 1
| #define HAVE_LIBMD5 1
| #define HAVE_LIBSOCKET 1
| #define HAVE_LIBNSL 1
| #define HAVE_SYS_TYPES_H 1
| #define HAVE_NETINET_IN_H 1
| #define HAVE_ARPA_NAMESER_H 1
| #define HAVE_NETDB_H 1
| #define HAVE_RESOLV_H 1
| #define TIME_WITH_SYS_TIME 1
| #define HAVE_ARPA_INET_H 1
| #define HAVE_FCNTL_H 1
| #define HAVE_NETDB_H 1
| #define HAVE_NETINET_IN_H 1
| #define HAVE_STDLIB_H 1
| #define HAVE_STRING_H 1
| #define HAVE_SYS_IOCTL_H 1
| #define HAVE_SYS_PARAM_H 1
| #define HAVE_SYS_SOCKET_H 1
| #define HAVE_SYS_TIME_H 1
| #define HAVE_UNISTD_H 1
| #define HAVE_ARPA_NAMESER_COMPAT_H 1
| /* end confdefs.h.  */
| #include <cbor.h>
configure:13884: result: no
configure:13884: checking for cbor.h
configure:13884: result: no
configure:13884: checking cbor/cbor.h usability
configure:13884: gcc -c -m64  conftest.c >&5
conftest.c:93:23: cbor/cbor.h: No such file or directory
configure:13884: $? = 1
configure: failed program was:
| /* confdefs.h */
| #define PACKAGE_NAME "dnscap"
| #define PACKAGE_TARNAME "dnscap"
| #define PACKAGE_VERSION "1.9.0"
| #define PACKAGE_STRING "dnscap 1.9.0"
| #define PACKAGE_BUGREPORT "dnscap-users@dns-oarc.net"
| #define PACKAGE_URL "https://github.com/DNS-OARC/dnscap/issues"
| #define PACKAGE "dnscap"
| #define VERSION "1.9.0"
| #define STDC_HEADERS 1
| #define HAVE_SYS_TYPES_H 1
| #define HAVE_SYS_STAT_H 1
| #define HAVE_STDLIB_H 1
| #define HAVE_STRING_H 1
| #define HAVE_MEMORY_H 1
| #define HAVE_STRINGS_H 1
| #define HAVE_INTTYPES_H 1
| #define HAVE_STDINT_H 1
| #define HAVE_UNISTD_H 1
| #define HAVE_DLFCN_H 1
| #define LT_OBJDIR ".libs/"
| #define TIME_WITH_SYS_TIME 1
| #define HAVE_LIBPCAP 1
| #define HAVE_SYS_TIME_H 1
| #define HAVE_PCAP_CREATE 1
| #define HAVE_PCAP_SET_TSTAMP_PRECISION 1
| #define HAVE_PCAP_SET_IMMEDIATE_MODE 1
| #define HAVE_PCAP_SET_TSTAMP_TYPE 1
| #define HAVE_PCAP_SETDIRECTION 1
| #define HAVE_SCHED_YIELD 1
| #define HAVE_PCAP_OPEN_OFFLINE_WITH_TSTAMP_PRECISION 1
| #define HAVE_PCAP_ACTIVATE 1
| #define HAVE_PCAP_DIRECTION_T 1
| #define HAVE_LIBRESOLV 1
| #define HAVE_LIBDL 1
| #define HAVE_LIBZ 1
| #define HAVE_LIBRT 1
| #define HAVE_LIBMD5 1
| #define HAVE_LIBSOCKET 1
| #define HAVE_LIBNSL 1
| #define HAVE_SYS_TYPES_H 1
| #define HAVE_NETINET_IN_H 1
| #define HAVE_ARPA_NAMESER_H 1
| #define HAVE_NETDB_H 1
| #define HAVE_RESOLV_H 1
| #define TIME_WITH_SYS_TIME 1
| #define HAVE_ARPA_INET_H 1
| #define HAVE_FCNTL_H 1
| #define HAVE_NETDB_H 1
| #define HAVE_NETINET_IN_H 1
| #define HAVE_STDLIB_H 1
| #define HAVE_STRING_H 1
| #define HAVE_SYS_IOCTL_H 1
| #define HAVE_SYS_PARAM_H 1
| #define HAVE_SYS_SOCKET_H 1
| #define HAVE_SYS_TIME_H 1
| #define HAVE_UNISTD_H 1
| #define HAVE_ARPA_NAMESER_COMPAT_H 1
| /* end confdefs.h.  */
| #include <stdio.h>
| #ifdef HAVE_SYS_TYPES_H
| # include <sys/types.h>
| #endif
| #ifdef HAVE_SYS_STAT_H
| # include <sys/stat.h>
| #endif
| #ifdef STDC_HEADERS
| # include <stdlib.h>
| # include <stddef.h>
| #else
| # ifdef HAVE_STDLIB_H
| #  include <stdlib.h>
| # endif
| #endif
| #ifdef HAVE_STRING_H
| # if !defined STDC_HEADERS && defined HAVE_MEMORY_H
| #  include <memory.h>
| # endif
| # include <string.h>
| #endif
| #ifdef HAVE_STRINGS_H
| # include <strings.h>
| #endif
| #ifdef HAVE_INTTYPES_H
| # include <inttypes.h>
| #endif
| #ifdef HAVE_STDINT_H
| # include <stdint.h>
| #endif
| #ifdef HAVE_UNISTD_H
| # include <unistd.h>
| #endif
| #include <cbor/cbor.h>
configure:13884: result: no
configure:13884: checking cbor/cbor.h presence
configure:13884: gcc -E  conftest.c
conftest.c:60:23: cbor/cbor.h: No such file or directory
configure:13884: $? = 1
configure: failed program was:
| /* confdefs.h */
| #define PACKAGE_NAME "dnscap"
| #define PACKAGE_TARNAME "dnscap"
| #define PACKAGE_VERSION "1.9.0"
| #define PACKAGE_STRING "dnscap 1.9.0"
| #define PACKAGE_BUGREPORT "dnscap-users@dns-oarc.net"
| #define PACKAGE_URL "https://github.com/DNS-OARC/dnscap/issues"
| #define PACKAGE "dnscap"
| #define VERSION "1.9.0"
| #define STDC_HEADERS 1
| #define HAVE_SYS_TYPES_H 1
| #define HAVE_SYS_STAT_H 1
| #define HAVE_STDLIB_H 1
| #define HAVE_STRING_H 1
| #define HAVE_MEMORY_H 1
| #define HAVE_STRINGS_H 1
| #define HAVE_INTTYPES_H 1
| #define HAVE_STDINT_H 1
| #define HAVE_UNISTD_H 1
| #define HAVE_DLFCN_H 1
| #define LT_OBJDIR ".libs/"
| #define TIME_WITH_SYS_TIME 1
| #define HAVE_LIBPCAP 1
| #define HAVE_SYS_TIME_H 1
| #define HAVE_PCAP_CREATE 1
| #define HAVE_PCAP_SET_TSTAMP_PRECISION 1
| #define HAVE_PCAP_SET_IMMEDIATE_MODE 1
| #define HAVE_PCAP_SET_TSTAMP_TYPE 1
| #define HAVE_PCAP_SETDIRECTION 1
| #define HAVE_SCHED_YIELD 1
| #define HAVE_PCAP_OPEN_OFFLINE_WITH_TSTAMP_PRECISION 1
| #define HAVE_PCAP_ACTIVATE 1
| #define HAVE_PCAP_DIRECTION_T 1
| #define HAVE_LIBRESOLV 1
| #define HAVE_LIBDL 1
| #define HAVE_LIBZ 1
| #define HAVE_LIBRT 1
| #define HAVE_LIBMD5 1
| #define HAVE_LIBSOCKET 1
| #define HAVE_LIBNSL 1
| #define HAVE_SYS_TYPES_H 1
| #define HAVE_NETINET_IN_H 1
| #define HAVE_ARPA_NAMESER_H 1
| #define HAVE_NETDB_H 1
| #define HAVE_RESOLV_H 1
| #define TIME_WITH_SYS_TIME 1
| #define HAVE_ARPA_INET_H 1
| #define HAVE_FCNTL_H 1
| #define HAVE_NETDB_H 1
| #define HAVE_NETINET_IN_H 1
| #define HAVE_STDLIB_H 1
| #define HAVE_STRING_H 1
| #define HAVE_SYS_IOCTL_H 1
| #define HAVE_SYS_PARAM_H 1
| #define HAVE_SYS_SOCKET_H 1
| #define HAVE_SYS_TIME_H 1
| #define HAVE_UNISTD_H 1
| #define HAVE_ARPA_NAMESER_COMPAT_H 1
| /* end confdefs.h.  */
| #include <cbor/cbor.h>
configure:13884: result: no
configure:13884: checking for cbor/cbor.h
configure:13884: result: no
configure:13896: checking for sys/time.h
configure:13896: result: yes
configure:13908: checking zlib.h usability
configure:13908: gcc -c -m64  conftest.c >&5
configure:13908: $? = 0
configure:13908: result: yes
configure:13908: checking zlib.h presence
configure:13908: gcc -E  conftest.c
configure:13908: $? = 0
configure:13908: result: yes
configure:13908: checking for zlib.h
configure:13908: result: yes
configure:13922: checking for snprintf
configure:13922: gcc -o conftest -m64   conftest.c -lnsl -lsocket -lmd5 -lrt -lz -ldl -lresolv -lpcap  >&5
conftest.c:85: warning: conflicting types for built-in function 'snprintf'
configure:13922: $? = 0
configure:13922: result: yes
configure:13934: checking for setreuid
configure:13934: gcc -o conftest -m64   conftest.c -lnsl -lsocket -lmd5 -lrt -lz -ldl -lresolv -lpcap  >&5
configure:13934: $? = 0
configure:13934: result: yes
configure:13934: checking for setresuid
configure:13934: gcc -o conftest -m64   conftest.c -lnsl -lsocket -lmd5 -lrt -lz -ldl -lresolv -lpcap  >&5
Undefined			first referenced
 symbol  			    in file
setresuid                           /var/tmp//ccJVayKE.o
ld: fatal: symbol referencing errors
collect2: ld returned 1 exit status
configure:13934: $? = 1
configure: failed program was:
| /* confdefs.h */
| #define PACKAGE_NAME "dnscap"
| #define PACKAGE_TARNAME "dnscap"
| #define PACKAGE_VERSION "1.9.0"
| #define PACKAGE_STRING "dnscap 1.9.0"
| #define PACKAGE_BUGREPORT "dnscap-users@dns-oarc.net"
| #define PACKAGE_URL "https://github.com/DNS-OARC/dnscap/issues"
| #define PACKAGE "dnscap"
| #define VERSION "1.9.0"
| #define STDC_HEADERS 1
| #define HAVE_SYS_TYPES_H 1
| #define HAVE_SYS_STAT_H 1
| #define HAVE_STDLIB_H 1
| #define HAVE_STRING_H 1
| #define HAVE_MEMORY_H 1
| #define HAVE_STRINGS_H 1
| #define HAVE_INTTYPES_H 1
| #define HAVE_STDINT_H 1
| #define HAVE_UNISTD_H 1
| #define HAVE_DLFCN_H 1
| #define LT_OBJDIR ".libs/"
| #define TIME_WITH_SYS_TIME 1
| #define HAVE_LIBPCAP 1
| #define HAVE_SYS_TIME_H 1
| #define HAVE_PCAP_CREATE 1
| #define HAVE_PCAP_SET_TSTAMP_PRECISION 1
| #define HAVE_PCAP_SET_IMMEDIATE_MODE 1
| #define HAVE_PCAP_SET_TSTAMP_TYPE 1
| #define HAVE_PCAP_SETDIRECTION 1
| #define HAVE_SCHED_YIELD 1
| #define HAVE_PCAP_OPEN_OFFLINE_WITH_TSTAMP_PRECISION 1
| #define HAVE_PCAP_ACTIVATE 1
| #define HAVE_PCAP_DIRECTION_T 1
| #define HAVE_LIBRESOLV 1
| #define HAVE_LIBDL 1
| #define HAVE_LIBZ 1
| #define HAVE_LIBRT 1
| #define HAVE_LIBMD5 1
| #define HAVE_LIBSOCKET 1
| #define HAVE_LIBNSL 1
| #define HAVE_SYS_TYPES_H 1
| #define HAVE_NETINET_IN_H 1
| #define HAVE_ARPA_NAMESER_H 1
| #define HAVE_NETDB_H 1
| #define HAVE_RESOLV_H 1
| #define TIME_WITH_SYS_TIME 1
| #define HAVE_ARPA_INET_H 1
| #define HAVE_FCNTL_H 1
| #define HAVE_NETDB_H 1
| #define HAVE_NETINET_IN_H 1
| #define HAVE_STDLIB_H 1
| #define HAVE_STRING_H 1
| #define HAVE_SYS_IOCTL_H 1
| #define HAVE_SYS_PARAM_H 1
| #define HAVE_SYS_SOCKET_H 1
| #define HAVE_SYS_TIME_H 1
| #define HAVE_UNISTD_H 1
| #define HAVE_ARPA_NAMESER_COMPAT_H 1
| #define HAVE_SYS_TIME_H 1
| #define HAVE_ZLIB_H 1
| #define HAVE_SNPRINTF 1
| #define HAVE_SETREUID 1
| /* end confdefs.h.  */
| /* Define setresuid to an innocuous variant, in case <limits.h> declares setresuid.
|    For example, HP-UX 11i <limits.h> declares gettimeofday.  */
| #define setresuid innocuous_setresuid
| 
| /* System header to define __stub macros and hopefully few prototypes,
|     which can conflict with char setresuid (); below.
|     Prefer <limits.h> to <assert.h> if __STDC__ is defined, since
|     <limits.h> exists even on freestanding compilers.  */
| 
| #ifdef __STDC__
| # include <limits.h>
| #else
| # include <assert.h>
| #endif
| 
| #undef setresuid
| 
| /* Override any GCC internal prototype to avoid an error.
|    Use char because int might match the return type of a GCC
|    builtin and then its argument prototype would still apply.  */
| #ifdef __cplusplus
| extern "C"
| #endif
| char setresuid ();
| /* The GNU C library defines this for functions which it implements
|     to always fail with ENOSYS.  Some functions are actually named
|     something starting with __ and the normal name is an alias.  */
| #if defined __stub_setresuid || defined __stub___setresuid
| choke me
| #endif
| 
| int
| main ()
| {
| return setresuid ();
|   ;
|   return 0;
| }
configure:13934: result: no
configure:13934: checking for setregid
configure:13934: gcc -o conftest -m64   conftest.c -lnsl -lsocket -lmd5 -lrt -lz -ldl -lresolv -lpcap  >&5
configure:13934: $? = 0
configure:13934: result: yes
configure:13934: checking for setresgid
configure:13934: gcc -o conftest -m64   conftest.c -lnsl -lsocket -lmd5 -lrt -lz -ldl -lresolv -lpcap  >&5
Undefined			first referenced
 symbol  			    in file
setresgid                           /var/tmp//cc8WaaOE.o
ld: fatal: symbol referencing errors
collect2: ld returned 1 exit status
configure:13934: $? = 1
configure: failed program was:
| /* confdefs.h */
| #define PACKAGE_NAME "dnscap"
| #define PACKAGE_TARNAME "dnscap"
| #define PACKAGE_VERSION "1.9.0"
| #define PACKAGE_STRING "dnscap 1.9.0"
| #define PACKAGE_BUGREPORT "dnscap-users@dns-oarc.net"
| #define PACKAGE_URL "https://github.com/DNS-OARC/dnscap/issues"
| #define PACKAGE "dnscap"
| #define VERSION "1.9.0"
| #define STDC_HEADERS 1
| #define HAVE_SYS_TYPES_H 1
| #define HAVE_SYS_STAT_H 1
| #define HAVE_STDLIB_H 1
| #define HAVE_STRING_H 1
| #define HAVE_MEMORY_H 1
| #define HAVE_STRINGS_H 1
| #define HAVE_INTTYPES_H 1
| #define HAVE_STDINT_H 1
| #define HAVE_UNISTD_H 1
| #define HAVE_DLFCN_H 1
| #define LT_OBJDIR ".libs/"
| #define TIME_WITH_SYS_TIME 1
| #define HAVE_LIBPCAP 1
| #define HAVE_SYS_TIME_H 1
| #define HAVE_PCAP_CREATE 1
| #define HAVE_PCAP_SET_TSTAMP_PRECISION 1
| #define HAVE_PCAP_SET_IMMEDIATE_MODE 1
| #define HAVE_PCAP_SET_TSTAMP_TYPE 1
| #define HAVE_PCAP_SETDIRECTION 1
| #define HAVE_SCHED_YIELD 1
| #define HAVE_PCAP_OPEN_OFFLINE_WITH_TSTAMP_PRECISION 1
| #define HAVE_PCAP_ACTIVATE 1
| #define HAVE_PCAP_DIRECTION_T 1
| #define HAVE_LIBRESOLV 1
| #define HAVE_LIBDL 1
| #define HAVE_LIBZ 1
| #define HAVE_LIBRT 1
| #define HAVE_LIBMD5 1
| #define HAVE_LIBSOCKET 1
| #define HAVE_LIBNSL 1
| #define HAVE_SYS_TYPES_H 1
| #define HAVE_NETINET_IN_H 1
| #define HAVE_ARPA_NAMESER_H 1
| #define HAVE_NETDB_H 1
| #define HAVE_RESOLV_H 1
| #define TIME_WITH_SYS_TIME 1
| #define HAVE_ARPA_INET_H 1
| #define HAVE_FCNTL_H 1
| #define HAVE_NETDB_H 1
| #define HAVE_NETINET_IN_H 1
| #define HAVE_STDLIB_H 1
| #define HAVE_STRING_H 1
| #define HAVE_SYS_IOCTL_H 1
| #define HAVE_SYS_PARAM_H 1
| #define HAVE_SYS_SOCKET_H 1
| #define HAVE_SYS_TIME_H 1
| #define HAVE_UNISTD_H 1
| #define HAVE_ARPA_NAMESER_COMPAT_H 1
| #define HAVE_SYS_TIME_H 1
| #define HAVE_ZLIB_H 1
| #define HAVE_SNPRINTF 1
| #define HAVE_SETREUID 1
| #define HAVE_SETREGID 1
| /* end confdefs.h.  */
| /* Define setresgid to an innocuous variant, in case <limits.h> declares setresgid.
|    For example, HP-UX 11i <limits.h> declares gettimeofday.  */
| #define setresgid innocuous_setresgid
| 
| /* System header to define __stub macros and hopefully few prototypes,
|     which can conflict with char setresgid (); below.
|     Prefer <limits.h> to <assert.h> if __STDC__ is defined, since
|     <limits.h> exists even on freestanding compilers.  */
| 
| #ifdef __STDC__
| # include <limits.h>
| #else
| # include <assert.h>
| #endif
| 
| #undef setresgid
| 
| /* Override any GCC internal prototype to avoid an error.
|    Use char because int might match the return type of a GCC
|    builtin and then its argument prototype would still apply.  */
| #ifdef __cplusplus
| extern "C"
| #endif
| char setresgid ();
| /* The GNU C library defines this for functions which it implements
|     to always fail with ENOSYS.  Some functions are actually named
|     something starting with __ and the normal name is an alias.  */
| #if defined __stub_setresgid || defined __stub___setresgid
| choke me
| #endif
| 
| int
| main ()
| {
| return setresgid ();
|   ;
|   return 0;
| }
configure:13934: result: no
configure:13934: checking for setegid
configure:13934: gcc -o conftest -m64   conftest.c -lnsl -lsocket -lmd5 -lrt -lz -ldl -lresolv -lpcap  >&5
configure:13934: $? = 0
configure:13934: result: yes
configure:13934: checking for seteuid
configure:13934: gcc -o conftest -m64   conftest.c -lnsl -lsocket -lmd5 -lrt -lz -ldl -lresolv -lpcap  >&5
configure:13934: $? = 0
configure:13934: result: yes
configure:13946: checking for funopen
configure:13946: gcc -o conftest -m64   conftest.c -lnsl -lsocket -lmd5 -lrt -lz -ldl -lresolv -lpcap  >&5
Undefined			first referenced
 symbol  			    in file
funopen                             /var/tmp//ccoYayTE.o
ld: fatal: symbol referencing errors
collect2: ld returned 1 exit status
configure:13946: $? = 1
configure: failed program was:
| /* confdefs.h */
| #define PACKAGE_NAME "dnscap"
| #define PACKAGE_TARNAME "dnscap"
| #define PACKAGE_VERSION "1.9.0"
| #define PACKAGE_STRING "dnscap 1.9.0"
| #define PACKAGE_BUGREPORT "dnscap-users@dns-oarc.net"
| #define PACKAGE_URL "https://github.com/DNS-OARC/dnscap/issues"
| #define PACKAGE "dnscap"
| #define VERSION "1.9.0"
| #define STDC_HEADERS 1
| #define HAVE_SYS_TYPES_H 1
| #define HAVE_SYS_STAT_H 1
| #define HAVE_STDLIB_H 1
| #define HAVE_STRING_H 1
| #define HAVE_MEMORY_H 1
| #define HAVE_STRINGS_H 1
| #define HAVE_INTTYPES_H 1
| #define HAVE_STDINT_H 1
| #define HAVE_UNISTD_H 1
| #define HAVE_DLFCN_H 1
| #define LT_OBJDIR ".libs/"
| #define TIME_WITH_SYS_TIME 1
| #define HAVE_LIBPCAP 1
| #define HAVE_SYS_TIME_H 1
| #define HAVE_PCAP_CREATE 1
| #define HAVE_PCAP_SET_TSTAMP_PRECISION 1
| #define HAVE_PCAP_SET_IMMEDIATE_MODE 1
| #define HAVE_PCAP_SET_TSTAMP_TYPE 1
| #define HAVE_PCAP_SETDIRECTION 1
| #define HAVE_SCHED_YIELD 1
| #define HAVE_PCAP_OPEN_OFFLINE_WITH_TSTAMP_PRECISION 1
| #define HAVE_PCAP_ACTIVATE 1
| #define HAVE_PCAP_DIRECTION_T 1
| #define HAVE_LIBRESOLV 1
| #define HAVE_LIBDL 1
| #define HAVE_LIBZ 1
| #define HAVE_LIBRT 1
| #define HAVE_LIBMD5 1
| #define HAVE_LIBSOCKET 1
| #define HAVE_LIBNSL 1
| #define HAVE_SYS_TYPES_H 1
| #define HAVE_NETINET_IN_H 1
| #define HAVE_ARPA_NAMESER_H 1
| #define HAVE_NETDB_H 1
| #define HAVE_RESOLV_H 1
| #define TIME_WITH_SYS_TIME 1
| #define HAVE_ARPA_INET_H 1
| #define HAVE_FCNTL_H 1
| #define HAVE_NETDB_H 1
| #define HAVE_NETINET_IN_H 1
| #define HAVE_STDLIB_H 1
| #define HAVE_STRING_H 1
| #define HAVE_SYS_IOCTL_H 1
| #define HAVE_SYS_PARAM_H 1
| #define HAVE_SYS_SOCKET_H 1
| #define HAVE_SYS_TIME_H 1
| #define HAVE_UNISTD_H 1
| #define HAVE_ARPA_NAMESER_COMPAT_H 1
| #define HAVE_SYS_TIME_H 1
| #define HAVE_ZLIB_H 1
| #define HAVE_SNPRINTF 1
| #define HAVE_SETREUID 1
| #define HAVE_SETREGID 1
| #define HAVE_SETEGID 1
| #define HAVE_SETEUID 1
| /* end confdefs.h.  */
| /* Define funopen to an innocuous variant, in case <limits.h> declares funopen.
|    For example, HP-UX 11i <limits.h> declares gettimeofday.  */
| #define funopen innocuous_funopen
| 
| /* System header to define __stub macros and hopefully few prototypes,
|     which can conflict with char funopen (); below.
|     Prefer <limits.h> to <assert.h> if __STDC__ is defined, since
|     <limits.h> exists even on freestanding compilers.  */
| 
| #ifdef __STDC__
| # include <limits.h>
| #else
| # include <assert.h>
| #endif
| 
| #undef funopen
| 
| /* Override any GCC internal prototype to avoid an error.
|    Use char because int might match the return type of a GCC
|    builtin and then its argument prototype would still apply.  */
| #ifdef __cplusplus
| extern "C"
| #endif
| char funopen ();
| /* The GNU C library defines this for functions which it implements
|     to always fail with ENOSYS.  Some functions are actually named
|     something starting with __ and the normal name is an alias.  */
| #if defined __stub_funopen || defined __stub___funopen
| choke me
| #endif
| 
| int
| main ()
| {
| return funopen ();
|   ;
|   return 0;
| }
configure:13946: result: no
configure:13946: checking for fopencookie
configure:13946: gcc -o conftest -m64   conftest.c -lnsl -lsocket -lmd5 -lrt -lz -ldl -lresolv -lpcap  >&5
Undefined			first referenced
 symbol  			    in file
fopencookie                         /var/tmp//ccPYaqVE.o
ld: fatal: symbol referencing errors
collect2: ld returned 1 exit status
configure:13946: $? = 1
configure: failed program was:
| /* confdefs.h */
| #define PACKAGE_NAME "dnscap"
| #define PACKAGE_TARNAME "dnscap"
| #define PACKAGE_VERSION "1.9.0"
| #define PACKAGE_STRING "dnscap 1.9.0"
| #define PACKAGE_BUGREPORT "dnscap-users@dns-oarc.net"
| #define PACKAGE_URL "https://github.com/DNS-OARC/dnscap/issues"
| #define PACKAGE "dnscap"
| #define VERSION "1.9.0"
| #define STDC_HEADERS 1
| #define HAVE_SYS_TYPES_H 1
| #define HAVE_SYS_STAT_H 1
| #define HAVE_STDLIB_H 1
| #define HAVE_STRING_H 1
| #define HAVE_MEMORY_H 1
| #define HAVE_STRINGS_H 1
| #define HAVE_INTTYPES_H 1
| #define HAVE_STDINT_H 1
| #define HAVE_UNISTD_H 1
| #define HAVE_DLFCN_H 1
| #define LT_OBJDIR ".libs/"
| #define TIME_WITH_SYS_TIME 1
| #define HAVE_LIBPCAP 1
| #define HAVE_SYS_TIME_H 1
| #define HAVE_PCAP_CREATE 1
| #define HAVE_PCAP_SET_TSTAMP_PRECISION 1
| #define HAVE_PCAP_SET_IMMEDIATE_MODE 1
| #define HAVE_PCAP_SET_TSTAMP_TYPE 1
| #define HAVE_PCAP_SETDIRECTION 1
| #define HAVE_SCHED_YIELD 1
| #define HAVE_PCAP_OPEN_OFFLINE_WITH_TSTAMP_PRECISION 1
| #define HAVE_PCAP_ACTIVATE 1
| #define HAVE_PCAP_DIRECTION_T 1
| #define HAVE_LIBRESOLV 1
| #define HAVE_LIBDL 1
| #define HAVE_LIBZ 1
| #define HAVE_LIBRT 1
| #define HAVE_LIBMD5 1
| #define HAVE_LIBSOCKET 1
| #define HAVE_LIBNSL 1
| #define HAVE_SYS_TYPES_H 1
| #define HAVE_NETINET_IN_H 1
| #define HAVE_ARPA_NAMESER_H 1
| #define HAVE_NETDB_H 1
| #define HAVE_RESOLV_H 1
| #define TIME_WITH_SYS_TIME 1
| #define HAVE_ARPA_INET_H 1
| #define HAVE_FCNTL_H 1
| #define HAVE_NETDB_H 1
| #define HAVE_NETINET_IN_H 1
| #define HAVE_STDLIB_H 1
| #define HAVE_STRING_H 1
| #define HAVE_SYS_IOCTL_H 1
| #define HAVE_SYS_PARAM_H 1
| #define HAVE_SYS_SOCKET_H 1
| #define HAVE_SYS_TIME_H 1
| #define HAVE_UNISTD_H 1
| #define HAVE_ARPA_NAMESER_COMPAT_H 1
| #define HAVE_SYS_TIME_H 1
| #define HAVE_ZLIB_H 1
| #define HAVE_SNPRINTF 1
| #define HAVE_SETREUID 1
| #define HAVE_SETREGID 1
| #define HAVE_SETEGID 1
| #define HAVE_SETEUID 1
| /* end confdefs.h.  */
| /* Define fopencookie to an innocuous variant, in case <limits.h> declares fopencookie.
|    For example, HP-UX 11i <limits.h> declares gettimeofday.  */
| #define fopencookie innocuous_fopencookie
| 
| /* System header to define __stub macros and hopefully few prototypes,
|     which can conflict with char fopencookie (); below.
|     Prefer <limits.h> to <assert.h> if __STDC__ is defined, since
|     <limits.h> exists even on freestanding compilers.  */
| 
| #ifdef __STDC__
| # include <limits.h>
| #else
| # include <assert.h>
| #endif
| 
| #undef fopencookie
| 
| /* Override any GCC internal prototype to avoid an error.
|    Use char because int might match the return type of a GCC
|    builtin and then its argument prototype would still apply.  */
| #ifdef __cplusplus
| extern "C"
| #endif
| char fopencookie ();
| /* The GNU C library defines this for functions which it implements
|     to always fail with ENOSYS.  Some functions are actually named
|     something starting with __ and the normal name is an alias.  */
| #if defined __stub_fopencookie || defined __stub___fopencookie
| choke me
| #endif
| 
| int
| main ()
| {
| return fopencookie ();
|   ;
|   return 0;
| }
configure:13946: result: no
configure:13946: checking for gzopen
configure:13946: gcc -o conftest -m64   conftest.c -lnsl -lsocket -lmd5 -lrt -lz -ldl -lresolv -lpcap  >&5
configure:13946: $? = 0
configure:13946: result: yes
configure:13955: checking for ns_initparse
configure:13955: gcc -o conftest -m64   conftest.c -lnsl -lsocket -lmd5 -lrt -lz -ldl -lresolv -lpcap  >&5
Undefined			first referenced
 symbol  			    in file
ns_initparse                        /var/tmp//ccEZaOYE.o
ld: fatal: symbol referencing errors
collect2: ld returned 1 exit status
configure:13955: $? = 1
configure: failed program was:
| /* confdefs.h */
| #define PACKAGE_NAME "dnscap"
| #define PACKAGE_TARNAME "dnscap"
| #define PACKAGE_VERSION "1.9.0"
| #define PACKAGE_STRING "dnscap 1.9.0"
| #define PACKAGE_BUGREPORT "dnscap-users@dns-oarc.net"
| #define PACKAGE_URL "https://github.com/DNS-OARC/dnscap/issues"
| #define PACKAGE "dnscap"
| #define VERSION "1.9.0"
| #define STDC_HEADERS 1
| #define HAVE_SYS_TYPES_H 1
| #define HAVE_SYS_STAT_H 1
| #define HAVE_STDLIB_H 1
| #define HAVE_STRING_H 1
| #define HAVE_MEMORY_H 1
| #define HAVE_STRINGS_H 1
| #define HAVE_INTTYPES_H 1
| #define HAVE_STDINT_H 1
| #define HAVE_UNISTD_H 1
| #define HAVE_DLFCN_H 1
| #define LT_OBJDIR ".libs/"
| #define TIME_WITH_SYS_TIME 1
| #define HAVE_LIBPCAP 1
| #define HAVE_SYS_TIME_H 1
| #define HAVE_PCAP_CREATE 1
| #define HAVE_PCAP_SET_TSTAMP_PRECISION 1
| #define HAVE_PCAP_SET_IMMEDIATE_MODE 1
| #define HAVE_PCAP_SET_TSTAMP_TYPE 1
| #define HAVE_PCAP_SETDIRECTION 1
| #define HAVE_SCHED_YIELD 1
| #define HAVE_PCAP_OPEN_OFFLINE_WITH_TSTAMP_PRECISION 1
| #define HAVE_PCAP_ACTIVATE 1
| #define HAVE_PCAP_DIRECTION_T 1
| #define HAVE_LIBRESOLV 1
| #define HAVE_LIBDL 1
| #define HAVE_LIBZ 1
| #define HAVE_LIBRT 1
| #define HAVE_LIBMD5 1
| #define HAVE_LIBSOCKET 1
| #define HAVE_LIBNSL 1
| #define HAVE_SYS_TYPES_H 1
| #define HAVE_NETINET_IN_H 1
| #define HAVE_ARPA_NAMESER_H 1
| #define HAVE_NETDB_H 1
| #define HAVE_RESOLV_H 1
| #define TIME_WITH_SYS_TIME 1
| #define HAVE_ARPA_INET_H 1
| #define HAVE_FCNTL_H 1
| #define HAVE_NETDB_H 1
| #define HAVE_NETINET_IN_H 1
| #define HAVE_STDLIB_H 1
| #define HAVE_STRING_H 1
| #define HAVE_SYS_IOCTL_H 1
| #define HAVE_SYS_PARAM_H 1
| #define HAVE_SYS_SOCKET_H 1
| #define HAVE_SYS_TIME_H 1
| #define HAVE_UNISTD_H 1
| #define HAVE_ARPA_NAMESER_COMPAT_H 1
| #define HAVE_SYS_TIME_H 1
| #define HAVE_ZLIB_H 1
| #define HAVE_SNPRINTF 1
| #define HAVE_SETREUID 1
| #define HAVE_SETREGID 1
| #define HAVE_SETEGID 1
| #define HAVE_SETEUID 1
| #define HAVE_GZOPEN 1
| /* end confdefs.h.  */
| /* Define ns_initparse to an innocuous variant, in case <limits.h> declares ns_initparse.
|    For example, HP-UX 11i <limits.h> declares gettimeofday.  */
| #define ns_initparse innocuous_ns_initparse
| 
| /* System header to define __stub macros and hopefully few prototypes,
|     which can conflict with char ns_initparse (); below.
|     Prefer <limits.h> to <assert.h> if __STDC__ is defined, since
|     <limits.h> exists even on freestanding compilers.  */
| 
| #ifdef __STDC__
| # include <limits.h>
| #else
| # include <assert.h>
| #endif
| 
| #undef ns_initparse
| 
| /* Override any GCC internal prototype to avoid an error.
|    Use char because int might match the return type of a GCC
|    builtin and then its argument prototype would still apply.  */
| #ifdef __cplusplus
| extern "C"
| #endif
| char ns_initparse ();
| /* The GNU C library defines this for functions which it implements
|     to always fail with ENOSYS.  Some functions are actually named
|     something starting with __ and the normal name is an alias.  */
| #if defined __stub_ns_initparse || defined __stub___ns_initparse
| choke me
| #endif
| 
| int
| main ()
| {
| return ns_initparse ();
|   ;
|   return 0;
| }
configure:13955: result: no
configure:13961: checking for __ns_initparse
configure:13961: gcc -o conftest -m64   conftest.c -lnsl -lsocket -lmd5 -lrt -lz -ldl -lresolv -lpcap  >&5
configure:13961: $? = 0
configure:13961: result: yes
configure:13972: checking for ns_parserr
configure:13972: gcc -o conftest -m64   conftest.c -lnsl -lsocket -lmd5 -lrt -lz -ldl -lresolv -lpcap  >&5
Undefined			first referenced
 symbol  			    in file
ns_parserr                          /var/tmp//ccq0ay1E.o
ld: fatal: symbol referencing errors
collect2: ld returned 1 exit status
configure:13972: $? = 1
configure: failed program was:
| /* confdefs.h */
| #define PACKAGE_NAME "dnscap"
| #define PACKAGE_TARNAME "dnscap"
| #define PACKAGE_VERSION "1.9.0"
| #define PACKAGE_STRING "dnscap 1.9.0"
| #define PACKAGE_BUGREPORT "dnscap-users@dns-oarc.net"
| #define PACKAGE_URL "https://github.com/DNS-OARC/dnscap/issues"
| #define PACKAGE "dnscap"
| #define VERSION "1.9.0"
| #define STDC_HEADERS 1
| #define HAVE_SYS_TYPES_H 1
| #define HAVE_SYS_STAT_H 1
| #define HAVE_STDLIB_H 1
| #define HAVE_STRING_H 1
| #define HAVE_MEMORY_H 1
| #define HAVE_STRINGS_H 1
| #define HAVE_INTTYPES_H 1
| #define HAVE_STDINT_H 1
| #define HAVE_UNISTD_H 1
| #define HAVE_DLFCN_H 1
| #define LT_OBJDIR ".libs/"
| #define TIME_WITH_SYS_TIME 1
| #define HAVE_LIBPCAP 1
| #define HAVE_SYS_TIME_H 1
| #define HAVE_PCAP_CREATE 1
| #define HAVE_PCAP_SET_TSTAMP_PRECISION 1
| #define HAVE_PCAP_SET_IMMEDIATE_MODE 1
| #define HAVE_PCAP_SET_TSTAMP_TYPE 1
| #define HAVE_PCAP_SETDIRECTION 1
| #define HAVE_SCHED_YIELD 1
| #define HAVE_PCAP_OPEN_OFFLINE_WITH_TSTAMP_PRECISION 1
| #define HAVE_PCAP_ACTIVATE 1
| #define HAVE_PCAP_DIRECTION_T 1
| #define HAVE_LIBRESOLV 1
| #define HAVE_LIBDL 1
| #define HAVE_LIBZ 1
| #define HAVE_LIBRT 1
| #define HAVE_LIBMD5 1
| #define HAVE_LIBSOCKET 1
| #define HAVE_LIBNSL 1
| #define HAVE_SYS_TYPES_H 1
| #define HAVE_NETINET_IN_H 1
| #define HAVE_ARPA_NAMESER_H 1
| #define HAVE_NETDB_H 1
| #define HAVE_RESOLV_H 1
| #define TIME_WITH_SYS_TIME 1
| #define HAVE_ARPA_INET_H 1
| #define HAVE_FCNTL_H 1
| #define HAVE_NETDB_H 1
| #define HAVE_NETINET_IN_H 1
| #define HAVE_STDLIB_H 1
| #define HAVE_STRING_H 1
| #define HAVE_SYS_IOCTL_H 1
| #define HAVE_SYS_PARAM_H 1
| #define HAVE_SYS_SOCKET_H 1
| #define HAVE_SYS_TIME_H 1
| #define HAVE_UNISTD_H 1
| #define HAVE_ARPA_NAMESER_COMPAT_H 1
| #define HAVE_SYS_TIME_H 1
| #define HAVE_ZLIB_H 1
| #define HAVE_SNPRINTF 1
| #define HAVE_SETREUID 1
| #define HAVE_SETREGID 1
| #define HAVE_SETEGID 1
| #define HAVE_SETEUID 1
| #define HAVE_GZOPEN 1
| #define HAVE_NS_INITPARSE 1
| /* end confdefs.h.  */
| /* Define ns_parserr to an innocuous variant, in case <limits.h> declares ns_parserr.
|    For example, HP-UX 11i <limits.h> declares gettimeofday.  */
| #define ns_parserr innocuous_ns_parserr
| 
| /* System header to define __stub macros and hopefully few prototypes,
|     which can conflict with char ns_parserr (); below.
|     Prefer <limits.h> to <assert.h> if __STDC__ is defined, since
|     <limits.h> exists even on freestanding compilers.  */
| 
| #ifdef __STDC__
| # include <limits.h>
| #else
| # include <assert.h>
| #endif
| 
| #undef ns_parserr
| 
| /* Override any GCC internal prototype to avoid an error.
|    Use char because int might match the return type of a GCC
|    builtin and then its argument prototype would still apply.  */
| #ifdef __cplusplus
| extern "C"
| #endif
| char ns_parserr ();
| /* The GNU C library defines this for functions which it implements
|     to always fail with ENOSYS.  Some functions are actually named
|     something starting with __ and the normal name is an alias.  */
| #if defined __stub_ns_parserr || defined __stub___ns_parserr
| choke me
| #endif
| 
| int
| main ()
| {
| return ns_parserr ();
|   ;
|   return 0;
| }
configure:13972: result: no
configure:13978: checking for __ns_parserr
configure:13978: gcc -o conftest -m64   conftest.c -lnsl -lsocket -lmd5 -lrt -lz -ldl -lresolv -lpcap  >&5
configure:13978: $? = 0
configure:13978: result: yes
configure:13989: checking for ns_sprintrr
configure:13989: gcc -o conftest -m64   conftest.c -lnsl -lsocket -lmd5 -lrt -lz -ldl -lresolv -lpcap  >&5
Undefined			first referenced
 symbol  			    in file
ns_sprintrr                         /var/tmp//ccb1ai4E.o
ld: fatal: symbol referencing errors
collect2: ld returned 1 exit status
configure:13989: $? = 1
configure: failed program was:
| /* confdefs.h */
| #define PACKAGE_NAME "dnscap"
| #define PACKAGE_TARNAME "dnscap"
| #define PACKAGE_VERSION "1.9.0"
| #define PACKAGE_STRING "dnscap 1.9.0"
| #define PACKAGE_BUGREPORT "dnscap-users@dns-oarc.net"
| #define PACKAGE_URL "https://github.com/DNS-OARC/dnscap/issues"
| #define PACKAGE "dnscap"
| #define VERSION "1.9.0"
| #define STDC_HEADERS 1
| #define HAVE_SYS_TYPES_H 1
| #define HAVE_SYS_STAT_H 1
| #define HAVE_STDLIB_H 1
| #define HAVE_STRING_H 1
| #define HAVE_MEMORY_H 1
| #define HAVE_STRINGS_H 1
| #define HAVE_INTTYPES_H 1
| #define HAVE_STDINT_H 1
| #define HAVE_UNISTD_H 1
| #define HAVE_DLFCN_H 1
| #define LT_OBJDIR ".libs/"
| #define TIME_WITH_SYS_TIME 1
| #define HAVE_LIBPCAP 1
| #define HAVE_SYS_TIME_H 1
| #define HAVE_PCAP_CREATE 1
| #define HAVE_PCAP_SET_TSTAMP_PRECISION 1
| #define HAVE_PCAP_SET_IMMEDIATE_MODE 1
| #define HAVE_PCAP_SET_TSTAMP_TYPE 1
| #define HAVE_PCAP_SETDIRECTION 1
| #define HAVE_SCHED_YIELD 1
| #define HAVE_PCAP_OPEN_OFFLINE_WITH_TSTAMP_PRECISION 1
| #define HAVE_PCAP_ACTIVATE 1
| #define HAVE_PCAP_DIRECTION_T 1
| #define HAVE_LIBRESOLV 1
| #define HAVE_LIBDL 1
| #define HAVE_LIBZ 1
| #define HAVE_LIBRT 1
| #define HAVE_LIBMD5 1
| #define HAVE_LIBSOCKET 1
| #define HAVE_LIBNSL 1
| #define HAVE_SYS_TYPES_H 1
| #define HAVE_NETINET_IN_H 1
| #define HAVE_ARPA_NAMESER_H 1
| #define HAVE_NETDB_H 1
| #define HAVE_RESOLV_H 1
| #define TIME_WITH_SYS_TIME 1
| #define HAVE_ARPA_INET_H 1
| #define HAVE_FCNTL_H 1
| #define HAVE_NETDB_H 1
| #define HAVE_NETINET_IN_H 1
| #define HAVE_STDLIB_H 1
| #define HAVE_STRING_H 1
| #define HAVE_SYS_IOCTL_H 1
| #define HAVE_SYS_PARAM_H 1
| #define HAVE_SYS_SOCKET_H 1
| #define HAVE_SYS_TIME_H 1
| #define HAVE_UNISTD_H 1
| #define HAVE_ARPA_NAMESER_COMPAT_H 1
| #define HAVE_SYS_TIME_H 1
| #define HAVE_ZLIB_H 1
| #define HAVE_SNPRINTF 1
| #define HAVE_SETREUID 1
| #define HAVE_SETREGID 1
| #define HAVE_SETEGID 1
| #define HAVE_SETEUID 1
| #define HAVE_GZOPEN 1
| #define HAVE_NS_INITPARSE 1
| #define HAVE_NS_PARSERR 1
| /* end confdefs.h.  */
| /* Define ns_sprintrr to an innocuous variant, in case <limits.h> declares ns_sprintrr.
|    For example, HP-UX 11i <limits.h> declares gettimeofday.  */
| #define ns_sprintrr innocuous_ns_sprintrr
| 
| /* System header to define __stub macros and hopefully few prototypes,
|     which can conflict with char ns_sprintrr (); below.
|     Prefer <limits.h> to <assert.h> if __STDC__ is defined, since
|     <limits.h> exists even on freestanding compilers.  */
| 
| #ifdef __STDC__
| # include <limits.h>
| #else
| # include <assert.h>
| #endif
| 
| #undef ns_sprintrr
| 
| /* Override any GCC internal prototype to avoid an error.
|    Use char because int might match the return type of a GCC
|    builtin and then its argument prototype would still apply.  */
| #ifdef __cplusplus
| extern "C"
| #endif
| char ns_sprintrr ();
| /* The GNU C library defines this for functions which it implements
|     to always fail with ENOSYS.  Some functions are actually named
|     something starting with __ and the normal name is an alias.  */
| #if defined __stub_ns_sprintrr || defined __stub___ns_sprintrr
| choke me
| #endif
| 
| int
| main ()
| {
| return ns_sprintrr ();
|   ;
|   return 0;
| }
configure:13989: result: no
configure:13995: checking for __ns_sprintrr
configure:13995: gcc -o conftest -m64   conftest.c -lnsl -lsocket -lmd5 -lrt -lz -ldl -lresolv -lpcap  >&5
configure:13995: $? = 0
configure:13995: result: yes
configure:14006: checking for ns_name_uncompress
configure:14006: gcc -o conftest -m64   conftest.c -lnsl -lsocket -lmd5 -lrt -lz -ldl -lresolv -lpcap  >&5
Undefined			first referenced
 symbol  			    in file
ns_name_uncompress                  /var/tmp//ccY1a46E.o
ld: fatal: symbol referencing errors
collect2: ld returned 1 exit status
configure:14006: $? = 1
configure: failed program was:
| /* confdefs.h */
| #define PACKAGE_NAME "dnscap"
| #define PACKAGE_TARNAME "dnscap"
| #define PACKAGE_VERSION "1.9.0"
| #define PACKAGE_STRING "dnscap 1.9.0"
| #define PACKAGE_BUGREPORT "dnscap-users@dns-oarc.net"
| #define PACKAGE_URL "https://github.com/DNS-OARC/dnscap/issues"
| #define PACKAGE "dnscap"
| #define VERSION "1.9.0"
| #define STDC_HEADERS 1
| #define HAVE_SYS_TYPES_H 1
| #define HAVE_SYS_STAT_H 1
| #define HAVE_STDLIB_H 1
| #define HAVE_STRING_H 1
| #define HAVE_MEMORY_H 1
| #define HAVE_STRINGS_H 1
| #define HAVE_INTTYPES_H 1
| #define HAVE_STDINT_H 1
| #define HAVE_UNISTD_H 1
| #define HAVE_DLFCN_H 1
| #define LT_OBJDIR ".libs/"
| #define TIME_WITH_SYS_TIME 1
| #define HAVE_LIBPCAP 1
| #define HAVE_SYS_TIME_H 1
| #define HAVE_PCAP_CREATE 1
| #define HAVE_PCAP_SET_TSTAMP_PRECISION 1
| #define HAVE_PCAP_SET_IMMEDIATE_MODE 1
| #define HAVE_PCAP_SET_TSTAMP_TYPE 1
| #define HAVE_PCAP_SETDIRECTION 1
| #define HAVE_SCHED_YIELD 1
| #define HAVE_PCAP_OPEN_OFFLINE_WITH_TSTAMP_PRECISION 1
| #define HAVE_PCAP_ACTIVATE 1
| #define HAVE_PCAP_DIRECTION_T 1
| #define HAVE_LIBRESOLV 1
| #define HAVE_LIBDL 1
| #define HAVE_LIBZ 1
| #define HAVE_LIBRT 1
| #define HAVE_LIBMD5 1
| #define HAVE_LIBSOCKET 1
| #define HAVE_LIBNSL 1
| #define HAVE_SYS_TYPES_H 1
| #define HAVE_NETINET_IN_H 1
| #define HAVE_ARPA_NAMESER_H 1
| #define HAVE_NETDB_H 1
| #define HAVE_RESOLV_H 1
| #define TIME_WITH_SYS_TIME 1
| #define HAVE_ARPA_INET_H 1
| #define HAVE_FCNTL_H 1
| #define HAVE_NETDB_H 1
| #define HAVE_NETINET_IN_H 1
| #define HAVE_STDLIB_H 1
| #define HAVE_STRING_H 1
| #define HAVE_SYS_IOCTL_H 1
| #define HAVE_SYS_PARAM_H 1
| #define HAVE_SYS_SOCKET_H 1
| #define HAVE_SYS_TIME_H 1
| #define HAVE_UNISTD_H 1
| #define HAVE_ARPA_NAMESER_COMPAT_H 1
| #define HAVE_SYS_TIME_H 1
| #define HAVE_ZLIB_H 1
| #define HAVE_SNPRINTF 1
| #define HAVE_SETREUID 1
| #define HAVE_SETREGID 1
| #define HAVE_SETEGID 1
| #define HAVE_SETEUID 1
| #define HAVE_GZOPEN 1
| #define HAVE_NS_INITPARSE 1
| #define HAVE_NS_PARSERR 1
| #define HAVE_NS_SPRINTRR 1
| /* end confdefs.h.  */
| /* Define ns_name_uncompress to an innocuous variant, in case <limits.h> declares ns_name_uncompress.
|    For example, HP-UX 11i <limits.h> declares gettimeofday.  */
| #define ns_name_uncompress innocuous_ns_name_uncompress
| 
| /* System header to define __stub macros and hopefully few prototypes,
|     which can conflict with char ns_name_uncompress (); below.
|     Prefer <limits.h> to <assert.h> if __STDC__ is defined, since
|     <limits.h> exists even on freestanding compilers.  */
| 
| #ifdef __STDC__
| # include <limits.h>
| #else
| # include <assert.h>
| #endif
| 
| #undef ns_name_uncompress
| 
| /* Override any GCC internal prototype to avoid an error.
|    Use char because int might match the return type of a GCC
|    builtin and then its argument prototype would still apply.  */
| #ifdef __cplusplus
| extern "C"
| #endif
| char ns_name_uncompress ();
| /* The GNU C library defines this for functions which it implements
|     to always fail with ENOSYS.  Some functions are actually named
|     something starting with __ and the normal name is an alias.  */
| #if defined __stub_ns_name_uncompress || defined __stub___ns_name_uncompress
| choke me
| #endif
| 
| int
| main ()
| {
| return ns_name_uncompress ();
|   ;
|   return 0;
| }
configure:14006: result: no
configure:14012: checking for __ns_name_uncompress
configure:14012: gcc -o conftest -m64   conftest.c -lnsl -lsocket -lmd5 -lrt -lz -ldl -lresolv -lpcap  >&5
configure:14012: $? = 0
configure:14012: result: yes
configure:14023: checking for p_rcode
configure:14023: gcc -o conftest -m64   conftest.c -lnsl -lsocket -lmd5 -lrt -lz -ldl -lresolv -lpcap  >&5
configure:14023: $? = 0
configure:14023: result: yes
configure:14042: checking for __assertion_failed
configure:14042: gcc -o conftest -m64   conftest.c -lnsl -lsocket -lmd5 -lrt -lz -ldl -lresolv -lpcap  >&5
configure:14042: $? = 0
configure:14042: result: yes
configure:14187: checking that generated files are newer than configure
configure:14193: result: done
configure:14224: creating ./config.status

## ---------------------- ##
## Running config.status. ##
## ---------------------- ##

This file was extended by dnscap config.status 1.9.0, which was
generated by GNU Autoconf 2.69.  Invocation command line was

  CONFIG_FILES    = 
  CONFIG_HEADERS  = 
  CONFIG_LINKS    = 
  CONFIG_COMMANDS = 
  $ ./config.status 

on solaris

config.status:1151: creating Makefile
config.status:1151: creating src/Makefile
config.status:1151: creating src/test/Makefile
config.status:1151: creating plugins/Makefile
config.status:1151: creating plugins/pcapdump/Makefile
config.status:1151: creating plugins/rssm/Makefile
config.status:1151: creating plugins/txtout/Makefile
config.status:1151: creating plugins/rzkeychange/Makefile
config.status:1151: creating plugins/royparse/Makefile
config.status:1151: creating src/config.h
config.status:1380: executing depfiles commands
config.status:1380: executing libtool commands

## ---------------- ##
## Cache variables. ##
## ---------------- ##

ac_cv_build=i386-pc-solaris2.11
ac_cv_c_compiler_gnu=yes
ac_cv_env_CC_set=''
ac_cv_env_CC_value=''
ac_cv_env_CFLAGS_set=set
ac_cv_env_CFLAGS_value=-m64
ac_cv_env_CPPFLAGS_set=''
ac_cv_env_CPPFLAGS_value=''
ac_cv_env_CPP_set=''
ac_cv_env_CPP_value=''
ac_cv_env_LDFLAGS_set=''
ac_cv_env_LDFLAGS_value=''
ac_cv_env_LIBS_set=''
ac_cv_env_LIBS_value=''
ac_cv_env_LT_SYS_LIBRARY_PATH_set=''
ac_cv_env_LT_SYS_LIBRARY_PATH_value=''
ac_cv_env_build_alias_set=''
ac_cv_env_build_alias_value=''
ac_cv_env_host_alias_set=''
ac_cv_env_host_alias_value=''
ac_cv_env_target_alias_set=''
ac_cv_env_target_alias_value=''
ac_cv_func___assertion_failed=yes
ac_cv_func___ns_initparse=yes
ac_cv_func___ns_name_uncompress=yes
ac_cv_func___ns_parserr=yes
ac_cv_func___ns_sprintrr=yes
ac_cv_func_fopencookie=no
ac_cv_func_funopen=no
ac_cv_func_gzopen=yes
ac_cv_func_ns_initparse=no
ac_cv_func_ns_name_uncompress=no
ac_cv_func_ns_parserr=no
ac_cv_func_ns_sprintrr=no
ac_cv_func_p_rcode=yes
ac_cv_func_pcap_activate=yes
ac_cv_func_pcap_create=yes
ac_cv_func_pcap_open_offline_with_tstamp_precision=yes
ac_cv_func_pcap_set_immediate_mode=yes
ac_cv_func_pcap_set_tstamp_precision=yes
ac_cv_func_pcap_set_tstamp_type=yes
ac_cv_func_pcap_setdirection=yes
ac_cv_func_sched_yield=yes
ac_cv_func_setegid=yes
ac_cv_func_seteuid=yes
ac_cv_func_setregid=yes
ac_cv_func_setresgid=no
ac_cv_func_setresuid=no
ac_cv_func_setreuid=yes
ac_cv_func_snprintf=yes
ac_cv_header_arpa_inet_h=yes
ac_cv_header_arpa_nameser_compat_h=yes
ac_cv_header_arpa_nameser_h=yes
ac_cv_header_cbor_cbor_h=no
ac_cv_header_cbor_h=no
ac_cv_header_dlfcn_h=yes
ac_cv_header_endian_h=no
ac_cv_header_fcntl_h=yes
ac_cv_header_inttypes_h=yes
ac_cv_header_ldns_ldns_h=no
ac_cv_header_machine_endian_h=no
ac_cv_header_memory_h=yes
ac_cv_header_netdb_h=yes
ac_cv_header_netinet_in_h=yes
ac_cv_header_pcap_pcap_h=yes
ac_cv_header_resolv_h=yes
ac_cv_header_stdc=yes
ac_cv_header_stdint_h=yes
ac_cv_header_stdlib_h=yes
ac_cv_header_string_h=yes
ac_cv_header_strings_h=yes
ac_cv_header_sys_endian_h=no
ac_cv_header_sys_ioctl_h=yes
ac_cv_header_sys_param_h=yes
ac_cv_header_sys_socket_h=yes
ac_cv_header_sys_stat_h=yes
ac_cv_header_sys_time_h=yes
ac_cv_header_sys_types_h=yes
ac_cv_header_time=yes
ac_cv_header_unistd_h=yes
ac_cv_header_zlib_h=yes
ac_cv_host=i386-pc-solaris2.11
ac_cv_lib_bind___ns_initparse=no
ac_cv_lib_bind_ns_initparse=no
ac_cv_lib_dl_dlopen=yes
ac_cv_lib_ldns_ldns_wire2pkt=no
ac_cv_lib_md5_main=yes
ac_cv_lib_nsl_main=yes
ac_cv_lib_pcap_pcap_open_live=yes
ac_cv_lib_resolv_res_mkquery=yes
ac_cv_lib_rt_main=yes
ac_cv_lib_socket_main=yes
ac_cv_lib_tinycbor_cbor_parser_init=no
ac_cv_lib_z_gzopen=yes
ac_cv_objext=o
ac_cv_path_EGREP='/usr/sfw/bin/ggrep -E'
ac_cv_path_FGREP='/usr/sfw/bin/ggrep -F'
ac_cv_path_GREP=/usr/sfw/bin/ggrep
ac_cv_path_SED=/bin/gsed
ac_cv_path_install='/bin/ginstall -c'
ac_cv_path_lt_DD=/bin/dd
ac_cv_path_mkdir=/bin/gmkdir
ac_cv_prog_AWK=gawk
ac_cv_prog_CPP='gcc -E'
ac_cv_prog_ac_ct_AR=ar
ac_cv_prog_ac_ct_CC=gcc
ac_cv_prog_ac_ct_MANIFEST_TOOL=mt
ac_cv_prog_ac_ct_RANLIB=ranlib
ac_cv_prog_ac_ct_STRIP=strip
ac_cv_prog_cc_c89=''
ac_cv_prog_cc_g=yes
ac_cv_prog_make_make_set=yes
ac_cv_type_pcap_direction_t=yes
am_cv_CC_dependencies_compiler_type=gcc3
am_cv_ar_interface=ar
am_cv_make_support_nested_variables=yes
am_cv_prog_cc_c_o=yes
lt_cv_ar_at_file=no
lt_cv_archive_cmds_need_lc=yes
lt_cv_deplibs_check_method=pass_all
lt_cv_file_magic_cmd='$MAGIC_CMD'
lt_cv_file_magic_test_file=''
lt_cv_ld_reload_flag=-r
lt_cv_nm_interface='BSD nm'
lt_cv_objdir=.libs
lt_cv_path_LD=/usr/bin/ld
lt_cv_path_NM='/bin/nm -p'
lt_cv_path_mainfest_tool=no
lt_cv_prog_compiler_c_o=yes
lt_cv_prog_compiler_pic='-fPIC -DPIC'
lt_cv_prog_compiler_pic_works=yes
lt_cv_prog_compiler_rtti_exceptions=no
lt_cv_prog_compiler_static_works=no
lt_cv_prog_gnu_ld=no
lt_cv_sharedlib_from_linklib_cmd='print -r --'
lt_cv_sys_global_symbol_pipe=''
lt_cv_sys_global_symbol_to_c_name_address=$'sed -n -e \'s/^: \\(.*\\) .*$/  {"\\1", (void *) 0},/p\' -e \'s/^[BDRT][BDRT]* .* \\(.*\\)$/  {"\\1", (void *) \\&\\1},/p\''
lt_cv_sys_global_symbol_to_c_name_address_lib_prefix=$'sed -n -e \'s/^: \\(.*\\) .*$/  {"\\1", (void *) 0},/p\' -e \'s/^[BDRT][BDRT]* .* \\(lib.*\\)$/  {"\\1", (void *) \\&\\1},/p\' -e \'s/^[BDRT][BDRT]* .* \\(.*\\)$/  {"lib\\1", (void *) \\&\\1},/p\''
lt_cv_sys_global_symbol_to_cdecl=''
lt_cv_sys_global_symbol_to_import=''
lt_cv_sys_max_cmd_len=786240
lt_cv_to_host_file_cmd=func_convert_file_noop
lt_cv_to_tool_file_cmd=func_convert_file_noop
lt_cv_truncate_bin='/bin/dd bs=4096 count=1'

## ----------------- ##
## Output variables. ##
## ----------------- ##

ACLOCAL='${SHELL} /export/home/sunping/dnscap-1.9.0/missing aclocal-1.15'
AMDEPBACKSLASH='\'
AMDEP_FALSE='#'
AMDEP_TRUE=''
AMTAR='$${TAR-tar}'
AM_BACKSLASH='\'
AM_DEFAULT_V='$(AM_DEFAULT_VERBOSITY)'
AM_DEFAULT_VERBOSITY='1'
AM_V='$(V)'
AR='ar'
AUTOCONF='${SHELL} /export/home/sunping/dnscap-1.9.0/missing autoconf'
AUTOHEADER='${SHELL} /export/home/sunping/dnscap-1.9.0/missing autoheader'
AUTOMAKE='${SHELL} /export/home/sunping/dnscap-1.9.0/missing automake-1.15'
AWK='gawk'
CC='gcc'
CCDEPMODE='depmode=gcc3'
CFLAGS='-m64'
CPP='gcc -E'
CPPFLAGS=''
CYGPATH_W='echo'
DEFS='-DHAVE_CONFIG_H'
DEPDIR='.deps'
DLLTOOL='false'
DSYMUTIL=''
DUMPBIN=''
ECHO_C='\c'
ECHO_N=''
ECHO_T=''
EGREP='/usr/sfw/bin/ggrep -E'
EXEEXT=''
FGREP='/usr/sfw/bin/ggrep -F'
GREP='/usr/sfw/bin/ggrep'
HAVE_CBOR_FALSE=''
HAVE_CBOR_TRUE='#'
HAVE_LDNS_FALSE=''
HAVE_LDNS_TRUE='#'
INSTALL_DATA='${INSTALL} -m 644'
INSTALL_PROGRAM='${INSTALL}'
INSTALL_SCRIPT='${INSTALL}'
INSTALL_STRIP_PROGRAM='$(install_sh) -c -s'
LD='/usr/bin/ld -64'
LDFLAGS=''
LIBOBJS=''
LIBS='-lnsl -lsocket -lmd5 -lrt -lz -ldl -lresolv -lpcap '
LIBTOOL='$(SHELL) $(top_builddir)/libtool'
LIPO=''
LN_S='ln -s'
LTLIBOBJS=''
LT_SYS_LIBRARY_PATH=''
MAKEINFO='${SHELL} /export/home/sunping/dnscap-1.9.0/missing makeinfo'
MANIFEST_TOOL=':'
MKDIR_P='/bin/gmkdir -p'
NM='/bin/nm -p'
NMEDIT=''
OBJDUMP='false'
OBJEXT='o'
OTOOL64=''
OTOOL=''
PACKAGE='dnscap'
PACKAGE_BUGREPORT='dnscap-users@dns-oarc.net'
PACKAGE_NAME='dnscap'
PACKAGE_STRING='dnscap 1.9.0'
PACKAGE_TARNAME='dnscap'
PACKAGE_URL='https://github.com/DNS-OARC/dnscap/issues'
PACKAGE_VERSION='1.9.0'
PATH_SEPARATOR=':'
PTHREAD_CC=''
PTHREAD_CFLAGS=''
PTHREAD_LIBS=''
RANLIB='ranlib'
SECCOMPFLAGS=''
SED='/bin/gsed'
SET_MAKE=''
SHELL='/bin/sh'
STRIP='strip'
VERSION='1.9.0'
ac_ct_AR='ar'
ac_ct_CC='gcc'
ac_ct_DUMPBIN=''
am__EXEEXT_FALSE=''
am__EXEEXT_TRUE='#'
am__fastdepCC_FALSE='#'
am__fastdepCC_TRUE=''
am__include='include'
am__isrc=''
am__leading_dot='.'
am__nodep='_no'
am__quote=''
am__tar='$${TAR-tar} chof - "$$tardir"'
am__untar='$${TAR-tar} xf -'
ax_pthread_config=''
bindir='${exec_prefix}/bin'
build='i386-pc-solaris2.11'
build_alias=''
build_cpu='i386'
build_os='solaris2.11'
build_vendor='pc'
datadir='${datarootdir}'
datarootdir='${prefix}/share'
docdir='${datarootdir}/doc/${PACKAGE_TARNAME}'
dvidir='${docdir}'
exec_prefix='${prefix}'
host='i386-pc-solaris2.11'
host_alias=''
host_cpu='i386'
host_os='solaris2.11'
host_vendor='pc'
htmldir='${docdir}'
includedir='${prefix}/include'
infodir='${datarootdir}/info'
install_sh='${SHELL} /export/home/sunping/dnscap-1.9.0/install-sh'
libdir='${exec_prefix}/lib'
libexecdir='${exec_prefix}/libexec'
localedir='${datarootdir}/locale'
localstatedir='${prefix}/var'
mandir='${datarootdir}/man'
mkdir_p='$(MKDIR_P)'
oldincludedir='/usr/include'
pdfdir='${docdir}'
prefix='/usr/local'
program_transform_name='s,x,x,'
psdir='${docdir}'
runstatedir='${localstatedir}/run'
sbindir='${exec_prefix}/sbin'
sharedstatedir='${prefix}/com'
sysconfdir='${prefix}/etc'
target_alias=''

## ----------- ##
## confdefs.h. ##
## ----------- ##

/* confdefs.h */
#define PACKAGE_NAME "dnscap"
#define PACKAGE_TARNAME "dnscap"
#define PACKAGE_VERSION "1.9.0"
#define PACKAGE_STRING "dnscap 1.9.0"
#define PACKAGE_BUGREPORT "dnscap-users@dns-oarc.net"
#define PACKAGE_URL "https://github.com/DNS-OARC/dnscap/issues"
#define PACKAGE "dnscap"
#define VERSION "1.9.0"
#define STDC_HEADERS 1
#define HAVE_SYS_TYPES_H 1
#define HAVE_SYS_STAT_H 1
#define HAVE_STDLIB_H 1
#define HAVE_STRING_H 1
#define HAVE_MEMORY_H 1
#define HAVE_STRINGS_H 1
#define HAVE_INTTYPES_H 1
#define HAVE_STDINT_H 1
#define HAVE_UNISTD_H 1
#define HAVE_DLFCN_H 1
#define LT_OBJDIR ".libs/"
#define TIME_WITH_SYS_TIME 1
#define HAVE_LIBPCAP 1
#define HAVE_SYS_TIME_H 1
#define HAVE_PCAP_CREATE 1
#define HAVE_PCAP_SET_TSTAMP_PRECISION 1
#define HAVE_PCAP_SET_IMMEDIATE_MODE 1
#define HAVE_PCAP_SET_TSTAMP_TYPE 1
#define HAVE_PCAP_SETDIRECTION 1
#define HAVE_SCHED_YIELD 1
#define HAVE_PCAP_OPEN_OFFLINE_WITH_TSTAMP_PRECISION 1
#define HAVE_PCAP_ACTIVATE 1
#define HAVE_PCAP_DIRECTION_T 1
#define HAVE_LIBRESOLV 1
#define HAVE_LIBDL 1
#define HAVE_LIBZ 1
#define HAVE_LIBRT 1
#define HAVE_LIBMD5 1
#define HAVE_LIBSOCKET 1
#define HAVE_LIBNSL 1
#define HAVE_SYS_TYPES_H 1
#define HAVE_NETINET_IN_H 1
#define HAVE_ARPA_NAMESER_H 1
#define HAVE_NETDB_H 1
#define HAVE_RESOLV_H 1
#define TIME_WITH_SYS_TIME 1
#define HAVE_ARPA_INET_H 1
#define HAVE_FCNTL_H 1
#define HAVE_NETDB_H 1
#define HAVE_NETINET_IN_H 1
#define HAVE_STDLIB_H 1
#define HAVE_STRING_H 1
#define HAVE_SYS_IOCTL_H 1
#define HAVE_SYS_PARAM_H 1
#define HAVE_SYS_SOCKET_H 1
#define HAVE_SYS_TIME_H 1
#define HAVE_UNISTD_H 1
#define HAVE_ARPA_NAMESER_COMPAT_H 1
#define HAVE_SYS_TIME_H 1
#define HAVE_ZLIB_H 1
#define HAVE_SNPRINTF 1
#define HAVE_SETREUID 1
#define HAVE_SETREGID 1
#define HAVE_SETEGID 1
#define HAVE_SETEUID 1
#define HAVE_GZOPEN 1
#define HAVE_NS_INITPARSE 1
#define HAVE_NS_PARSERR 1
#define HAVE_NS_SPRINTRR 1
#define HAVE_NS_NAME_UNCOMPRESS 1
#define HAVE_P_RCODE 1
#define HAVE___ASSERTION_FAILED 1

configure: exit 0
